0 verbose cli /Users/eydhan/.nvm/versions/node/v20.18.3/bin/node /Users/eydhan/.nvm/versions/node/v20.18.3/bin/npm
1 info using npm@10.8.2
2 info using node@v20.18.3
3 silly config load:file:/Users/eydhan/.nvm/versions/node/v20.18.3/lib/node_modules/npm/npmrc
4 silly config load:file:/Users/eydhan/Projects/ReactJs/Library/Library/.npmrc
5 silly config load:file:/Users/eydhan/.npmrc
6 silly config load:file:/Users/eydhan/.nvm/versions/node/v20.18.3/etc/npmrc
7 verbose title npm install
8 verbose argv "install" "--no-audit" "--no-fund" "--registry" "https://registry.npmjs.org/" "--cache" "./tmp/npm-cache"
9 verbose logfile logs-max:10 dir:/Users/eydhan/Projects/ReactJs/Library/Library/tmp/npm-cache/_logs/2026-07-09T13_28_22_507Z-
10 verbose logfile /Users/eydhan/Projects/ReactJs/Library/Library/tmp/npm-cache/_logs/2026-07-09T13_28_22_507Z-debug-0.log
11 silly packumentCache heap:2197815296 maxSize:549453824 maxEntrySize:274726912
12 silly logfile done cleaning log files
13 silly idealTree buildDeps
14 silly fetch manifest react@^18.3.1
15 silly packumentCache full:https://registry.npmjs.org/react cache-miss
16 http fetch GET 200 https://registry.npmjs.org/npm 996ms
17 http fetch GET 200 https://registry.npmjs.org/react 2034ms (cache miss)
18 silly packumentCache full:https://registry.npmjs.org/react set size:undefined disposed:false
19 silly fetch manifest react-dom@^18.3.1
20 silly packumentCache full:https://registry.npmjs.org/react-dom cache-miss
21 http fetch GET 200 https://registry.npmjs.org/react-dom 1204ms (cache miss)
22 silly packumentCache full:https://registry.npmjs.org/react-dom set size:undefined disposed:false
23 silly fetch manifest @vitejs/plugin-react@^4.3.1
24 silly packumentCache full:https://registry.npmjs.org/@vitejs%2fplugin-react cache-miss
25 http fetch GET 200 https://registry.npmjs.org/@vitejs%2fplugin-react 67ms (cache miss)
26 silly packumentCache full:https://registry.npmjs.org/@vitejs%2fplugin-react set size:undefined disposed:false
27 silly fetch manifest vite@^5.4.10
28 silly packumentCache full:https://registry.npmjs.org/vite cache-miss
29 http fetch GET 200 https://registry.npmjs.org/vite 4826ms (cache miss)
30 silly packumentCache full:https://registry.npmjs.org/vite set size:undefined disposed:false
31 silly fetch manifest @types/node@^18.0.0 || >=20.0.0
32 silly packumentCache full:https://registry.npmjs.org/@types%2fnode cache-miss
33 http fetch GET 200 https://registry.npmjs.org/@types%2fnode 1199ms (cache miss)
34 silly packumentCache full:https://registry.npmjs.org/@types%2fnode set size:undefined disposed:false
35 silly fetch manifest less@*
36 silly packumentCache full:https://registry.npmjs.org/less cache-miss
37 http fetch GET 200 https://registry.npmjs.org/less 70ms (cache miss)
38 silly packumentCache full:https://registry.npmjs.org/less set size:undefined disposed:false
39 silly fetch manifest lightningcss@^1.21.0
40 silly packumentCache full:https://registry.npmjs.org/lightningcss cache-miss
41 http fetch GET 200 https://registry.npmjs.org/lightningcss 45ms (cache miss)
42 silly packumentCache full:https://registry.npmjs.org/lightningcss set size:undefined disposed:false
43 silly fetch manifest sass@*
44 silly packumentCache full:https://registry.npmjs.org/sass cache-miss
45 http fetch GET 200 https://registry.npmjs.org/sass 316ms (cache miss)
46 silly packumentCache full:https://registry.npmjs.org/sass set size:undefined disposed:false
47 silly fetch manifest sass-embedded@*
48 silly packumentCache full:https://registry.npmjs.org/sass-embedded cache-miss
49 http fetch GET 200 https://registry.npmjs.org/sass-embedded 99ms (cache miss)
50 silly packumentCache full:https://registry.npmjs.org/sass-embedded set size:undefined disposed:false
51 silly fetch manifest stylus@*
52 silly packumentCache full:https://registry.npmjs.org/stylus cache-miss
53 http fetch GET 200 https://registry.npmjs.org/stylus 89ms (cache miss)
54 silly packumentCache full:https://registry.npmjs.org/stylus set size:undefined disposed:false
55 silly fetch manifest sugarss@*
56 silly packumentCache full:https://registry.npmjs.org/sugarss cache-miss
57 http fetch GET 200 https://registry.npmjs.org/sugarss 49ms (cache miss)
58 silly packumentCache full:https://registry.npmjs.org/sugarss set size:undefined disposed:false
59 silly fetch manifest postcss@^8.3.3
60 silly packumentCache full:https://registry.npmjs.org/postcss cache-miss
61 http fetch GET 200 https://registry.npmjs.org/postcss 268ms (cache miss)
62 silly packumentCache full:https://registry.npmjs.org/postcss set size:undefined disposed:false
63 silly fetch manifest terser@^5.4.0
64 silly packumentCache full:https://registry.npmjs.org/terser cache-miss
65 http fetch GET 200 https://registry.npmjs.org/terser 195ms (cache miss)
66 silly packumentCache full:https://registry.npmjs.org/terser set size:undefined disposed:false
67 silly placeDep ROOT @vitejs/plugin-react@4.7.0 OK for: library-app@1.0.0 want: ^4.3.1
68 silly placeDep ROOT vite@5.4.21 OK for: @vitejs/plugin-react@4.7.0 want: ^4.2.0 || ^5.0.0 || ^6.0.0 || ^7.0.0
69 silly placeDep ROOT react@18.3.1 OK for: library-app@1.0.0 want: ^18.3.1
70 silly placeDep ROOT react-dom@18.3.1 OK for: library-app@1.0.0 want: ^18.3.1
71 silly fetch manifest @babel/core@^7.28.0
72 silly packumentCache full:https://registry.npmjs.org/@babel%2fcore cache-miss
73 silly fetch manifest react-refresh@^0.17.0
74 silly packumentCache full:https://registry.npmjs.org/react-refresh cache-miss
75 silly fetch manifest @types/babel__core@^7.20.5
76 silly packumentCache full:https://registry.npmjs.org/@types%2fbabel__core cache-miss
77 silly fetch manifest @rolldown/pluginutils@1.0.0-beta.27
78 silly packumentCache full:https://registry.npmjs.org/@rolldown%2fpluginutils cache-miss
79 silly fetch manifest @babel/plugin-transform-react-jsx-self@^7.27.1
80 silly packumentCache full:https://registry.npmjs.org/@babel%2fplugin-transform-react-jsx-self cache-miss
81 silly fetch manifest @babel/plugin-transform-react-jsx-source@^7.27.1
82 silly packumentCache full:https://registry.npmjs.org/@babel%2fplugin-transform-react-jsx-source cache-miss
83 silly fetch manifest rollup@^4.20.0
84 silly packumentCache full:https://registry.npmjs.org/rollup cache-miss
85 http fetch GET 200 https://registry.npmjs.org/@babel%2fcore 406ms (cache miss)
86 silly packumentCache full:https://registry.npmjs.org/@babel%2fcore set size:undefined disposed:false
87 silly fetch manifest esbuild@^0.21.3
88 silly packumentCache full:https://registry.npmjs.org/esbuild cache-miss
89 http fetch GET 200 https://registry.npmjs.org/@rolldown%2fpluginutils 933ms (cache miss)
90 silly packumentCache full:https://registry.npmjs.org/@rolldown%2fpluginutils set size:undefined disposed:false
91 silly fetch manifest postcss@^8.4.43
92 silly packumentCache full:https://registry.npmjs.org/postcss cache-miss
93 http fetch GET 200 https://registry.npmjs.org/postcss 11ms (cache hit)
94 silly packumentCache full:https://registry.npmjs.org/postcss set size:726591 disposed:false
95 silly fetch manifest fsevents@~2.3.3
96 silly packumentCache full:https://registry.npmjs.org/fsevents cache-miss
97 http fetch GET 200 https://registry.npmjs.org/@babel%2fplugin-transform-react-jsx-source 952ms (cache miss)
98 silly packumentCache full:https://registry.npmjs.org/@babel%2fplugin-transform-react-jsx-source set size:undefined disposed:false
99 silly fetch manifest loose-envify@^1.1.0
100 silly packumentCache full:https://registry.npmjs.org/loose-envify cache-miss
101 http fetch GET 200 https://registry.npmjs.org/@types%2fbabel__core 1320ms (cache miss)
102 silly packumentCache full:https://registry.npmjs.org/@types%2fbabel__core set size:undefined disposed:false
103 silly fetch manifest scheduler@^0.23.2
104 silly packumentCache full:https://registry.npmjs.org/scheduler cache-miss
105 http fetch GET 200 https://registry.npmjs.org/@babel%2fplugin-transform-react-jsx-self 1324ms (cache miss)
106 silly packumentCache full:https://registry.npmjs.org/@babel%2fplugin-transform-react-jsx-self set size:undefined disposed:false
107 silly fetch manifest loose-envify@^1.1.0
108 silly packumentCache full:https://registry.npmjs.org/loose-envify cache-miss
109 http fetch GET 200 https://registry.npmjs.org/loose-envify 372ms (cache miss)
110 silly packumentCache full:https://registry.npmjs.org/loose-envify set size:undefined disposed:false
111 http fetch GET 200 https://registry.npmjs.org/fsevents 402ms (cache miss)
112 silly packumentCache full:https://registry.npmjs.org/fsevents set size:undefined disposed:false
113 http fetch GET 200 https://registry.npmjs.org/loose-envify 38ms (cache miss)
114 silly packumentCache full:https://registry.npmjs.org/loose-envify set size:undefined disposed:false
115 http fetch GET 200 https://registry.npmjs.org/esbuild 1434ms (cache miss)
116 silly packumentCache full:https://registry.npmjs.org/esbuild set size:undefined disposed:false
117 http fetch GET 200 https://registry.npmjs.org/react-refresh 3071ms (cache miss)
118 silly packumentCache full:https://registry.npmjs.org/react-refresh set size:undefined disposed:false
119 http fetch GET 200 https://registry.npmjs.org/scheduler 2340ms (cache miss)
120 silly packumentCache full:https://registry.npmjs.org/scheduler set size:undefined disposed:false
121 http fetch GET 200 https://registry.npmjs.org/rollup 4678ms (cache miss)
122 silly packumentCache full:https://registry.npmjs.org/rollup set size:undefined disposed:false
123 silly placeDep ROOT @babel/core@7.29.7 OK for: @vitejs/plugin-react@4.7.0 want: ^7.28.0
124 silly placeDep ROOT @babel/plugin-transform-react-jsx-self@7.29.7 OK for: @vitejs/plugin-react@4.7.0 want: ^7.27.1
125 silly placeDep ROOT @babel/plugin-transform-react-jsx-source@7.29.7 OK for: @vitejs/plugin-react@4.7.0 want: ^7.27.1
126 silly placeDep ROOT @rolldown/pluginutils@1.0.0-beta.27 OK for: @vitejs/plugin-react@4.7.0 want: 1.0.0-beta.27
127 silly placeDep ROOT @types/babel__core@7.20.5 OK for: @vitejs/plugin-react@4.7.0 want: ^7.20.5
128 silly placeDep ROOT react-refresh@0.17.0 OK for: @vitejs/plugin-react@4.7.0 want: ^0.17.0
129 silly fetch manifest debug@^4.1.0
130 silly packumentCache full:https://registry.npmjs.org/debug cache-miss
131 silly fetch manifest json5@^2.2.3
132 silly packumentCache full:https://registry.npmjs.org/json5 cache-miss
133 silly fetch manifest semver@^6.3.1
134 silly packumentCache full:https://registry.npmjs.org/semver cache-miss
135 silly fetch manifest gensync@^1.0.0-beta.2
136 silly packumentCache full:https://registry.npmjs.org/gensync cache-miss
137 silly fetch manifest @babel/types@^7.29.7
138 silly packumentCache full:https://registry.npmjs.org/@babel%2ftypes cache-miss
139 silly fetch manifest @babel/parser@^7.29.7
140 silly packumentCache full:https://registry.npmjs.org/@babel%2fparser cache-miss
141 silly fetch manifest @babel/helpers@^7.29.7
142 silly packumentCache full:https://registry.npmjs.org/@babel%2fhelpers cache-miss
143 http fetch GET 200 https://registry.npmjs.org/json5 439ms (cache miss)
144 silly packumentCache full:https://registry.npmjs.org/json5 set size:undefined disposed:false
145 silly fetch manifest @babel/template@^7.29.7
146 silly packumentCache full:https://registry.npmjs.org/@babel%2ftemplate cache-miss
147 http fetch GET 200 https://registry.npmjs.org/@babel%2fparser 802ms (cache miss)
148 silly packumentCache full:https://registry.npmjs.org/@babel%2fparser set size:undefined disposed:false
149 silly fetch manifest @babel/traverse@^7.29.7
150 silly packumentCache full:https://registry.npmjs.org/@babel%2ftraverse cache-miss
151 http fetch GET 200 https://registry.npmjs.org/@babel%2ftypes 830ms (cache miss)
152 silly packumentCache full:https://registry.npmjs.org/@babel%2ftypes set size:undefined disposed:false
153 silly fetch manifest @babel/generator@^7.29.7
154 silly packumentCache full:https://registry.npmjs.org/@babel%2fgenerator cache-miss
155 http fetch GET 200 https://registry.npmjs.org/@babel%2fhelpers 960ms (cache miss)
156 silly packumentCache full:https://registry.npmjs.org/@babel%2fhelpers set size:undefined disposed:false
157 silly fetch manifest @babel/code-frame@^7.29.7
158 silly packumentCache full:https://registry.npmjs.org/@babel%2fcode-frame cache-miss
159 http fetch GET 200 https://registry.npmjs.org/@babel%2ftemplate 545ms (cache miss)
160 silly packumentCache full:https://registry.npmjs.org/@babel%2ftemplate set size:undefined disposed:false
161 silly fetch manifest convert-source-map@^2.0.0
162 silly packumentCache full:https://registry.npmjs.org/convert-source-map cache-miss
163 http fetch GET 200 https://registry.npmjs.org/convert-source-map 205ms (cache miss)
164 silly packumentCache full:https://registry.npmjs.org/convert-source-map set size:undefined disposed:false
165 silly fetch manifest @jridgewell/remapping@^2.3.5
166 silly packumentCache full:https://registry.npmjs.org/@jridgewell%2fremapping cache-miss
167 http fetch GET 200 https://registry.npmjs.org/debug 1201ms (cache miss)
168 silly packumentCache full:https://registry.npmjs.org/debug set size:undefined disposed:false
169 silly fetch manifest @babel/helper-module-transforms@^7.29.7
170 silly packumentCache full:https://registry.npmjs.org/@babel%2fhelper-module-transforms cache-miss
171 http fetch GET 200 https://registry.npmjs.org/@babel%2fgenerator 383ms (cache miss)
172 silly packumentCache full:https://registry.npmjs.org/@babel%2fgenerator set size:undefined disposed:false
173 silly fetch manifest @babel/helper-compilation-targets@^7.29.7
174 silly packumentCache full:https://registry.npmjs.org/@babel%2fhelper-compilation-targets cache-miss
175 http fetch GET 200 https://registry.npmjs.org/@babel%2ftraverse 521ms (cache miss)
176 silly packumentCache full:https://registry.npmjs.org/@babel%2ftraverse set size:undefined disposed:false
177 silly fetch manifest @babel/helper-plugin-utils@^7.29.7
178 silly packumentCache full:https://registry.npmjs.org/@babel%2fhelper-plugin-utils cache-miss
179 http fetch GET 200 https://registry.npmjs.org/gensync 1332ms (cache miss)
180 silly packumentCache full:https://registry.npmjs.org/gensync set size:undefined disposed:false
181 silly fetch manifest @babel/helper-plugin-utils@^7.29.7
182 silly packumentCache full:https://registry.npmjs.org/@babel%2fhelper-plugin-utils cache-miss
183 http fetch GET 200 https://registry.npmjs.org/@jridgewell%2fremapping 139ms (cache miss)
184 silly packumentCache full:https://registry.npmjs.org/@jridgewell%2fremapping set size:undefined disposed:false
185 silly fetch manifest @babel/types@^7.20.7
186 silly packumentCache full:https://registry.npmjs.org/@babel%2ftypes cache-miss
187 http fetch GET 200 https://registry.npmjs.org/@babel%2fcode-frame 372ms (cache miss)
188 silly packumentCache full:https://registry.npmjs.org/@babel%2fcode-frame set size:undefined disposed:false
189 silly fetch manifest @babel/parser@^7.20.7
190 silly packumentCache full:https://registry.npmjs.org/@babel%2fparser cache-miss
191 http fetch GET 200 https://registry.npmjs.org/@babel%2ftypes 4ms (cache hit)
192 silly packumentCache full:https://registry.npmjs.org/@babel%2ftypes set size:500625 disposed:false
193 silly fetch manifest @types/babel__template@*
194 silly packumentCache full:https://registry.npmjs.org/@types%2fbabel__template cache-miss
195 http fetch GET 200 https://registry.npmjs.org/@babel%2fparser 8ms (cache hit)
196 silly packumentCache full:https://registry.npmjs.org/@babel%2fparser set size:735431 disposed:false
197 silly fetch manifest @types/babel__traverse@*
198 silly packumentCache full:https://registry.npmjs.org/@types%2fbabel__traverse cache-miss
199 http fetch GET 200 https://registry.npmjs.org/@babel%2fhelper-compilation-targets 134ms (cache miss)
200 silly packumentCache full:https://registry.npmjs.org/@babel%2fhelper-compilation-targets set size:undefined disposed:false
201 silly fetch manifest @types/babel__generator@*
202 silly packumentCache full:https://registry.npmjs.org/@types%2fbabel__generator cache-miss
203 http fetch GET 200 https://registry.npmjs.org/@types%2fbabel__generator 85ms (cache miss)
204 silly packumentCache full:https://registry.npmjs.org/@types%2fbabel__generator set size:undefined disposed:false
205 http fetch GET 200 https://registry.npmjs.org/@babel%2fhelper-plugin-utils 167ms (cache miss)
206 silly packumentCache full:https://registry.npmjs.org/@babel%2fhelper-plugin-utils set size:undefined disposed:false
207 http fetch GET 200 https://registry.npmjs.org/@types%2fbabel__traverse 302ms (cache miss)
208 silly packumentCache full:https://registry.npmjs.org/@types%2fbabel__traverse set size:undefined disposed:false
209 http fetch GET 200 https://registry.npmjs.org/@types%2fbabel__template 378ms (cache miss)
210 silly packumentCache full:https://registry.npmjs.org/@types%2fbabel__template set size:undefined disposed:false
211 http fetch GET 200 https://registry.npmjs.org/@babel%2fhelper-plugin-utils 567ms (cache miss)
212 silly packumentCache full:https://registry.npmjs.org/@babel%2fhelper-plugin-utils set size:undefined disposed:false
213 http fetch GET 200 https://registry.npmjs.org/semver 1927ms (cache miss)
214 silly packumentCache full:https://registry.npmjs.org/semver set size:undefined disposed:false
215 http fetch GET 200 https://registry.npmjs.org/@babel%2fhelper-module-transforms 911ms (cache miss)
216 silly packumentCache full:https://registry.npmjs.org/@babel%2fhelper-module-transforms set size:undefined disposed:false
217 silly fetch manifest @babel/core@^7.0.0
218 silly packumentCache full:https://registry.npmjs.org/@babel%2fcore cache-miss
219 http fetch GET 200 https://registry.npmjs.org/@babel%2fcore 19ms (cache hit)
220 silly packumentCache full:https://registry.npmjs.org/@babel%2fcore set size:788258 disposed:false
221 silly placeDep ROOT @babel/code-frame@7.29.7 OK for: @babel/core@7.29.7 want: ^7.29.7
222 silly placeDep ROOT @babel/generator@7.29.7 OK for: @babel/core@7.29.7 want: ^7.29.7
223 silly placeDep ROOT @babel/helper-compilation-targets@7.29.7 OK for: @babel/core@7.29.7 want: ^7.29.7
224 silly placeDep ROOT @babel/helper-module-transforms@7.29.7 OK for: @babel/core@7.29.7 want: ^7.29.7
225 silly placeDep ROOT @babel/helpers@7.29.7 OK for: @babel/core@7.29.7 want: ^7.29.7
226 silly placeDep ROOT @babel/parser@7.29.7 OK for: @babel/core@7.29.7 want: ^7.29.7
227 silly placeDep ROOT @babel/template@7.29.7 OK for: @babel/core@7.29.7 want: ^7.29.7
228 silly placeDep ROOT @babel/traverse@7.29.7 OK for: @babel/core@7.29.7 want: ^7.29.7
229 silly placeDep ROOT @babel/types@7.29.7 OK for: @babel/core@7.29.7 want: ^7.29.7
230 silly placeDep ROOT @jridgewell/remapping@2.3.5 OK for: @babel/core@7.29.7 want: ^2.3.5
231 silly placeDep ROOT convert-source-map@2.0.0 OK for: @babel/core@7.29.7 want: ^2.0.0
232 silly placeDep ROOT debug@4.4.3 OK for: @babel/core@7.29.7 want: ^4.1.0
233 silly placeDep ROOT gensync@1.0.0-beta.2 OK for: @babel/core@7.29.7 want: ^1.0.0-beta.2
234 silly placeDep ROOT json5@2.2.3 OK for: @babel/core@7.29.7 want: ^2.2.3
235 silly placeDep ROOT semver@6.3.1 OK for: @babel/core@7.29.7 want: ^6.3.1
236 silly fetch manifest js-tokens@^4.0.0
237 silly packumentCache full:https://registry.npmjs.org/js-tokens cache-miss
238 silly fetch manifest picocolors@^1.1.1
239 silly packumentCache full:https://registry.npmjs.org/picocolors cache-miss
240 silly fetch manifest @babel/helper-validator-identifier@^7.29.7
241 silly packumentCache full:https://registry.npmjs.org/@babel%2fhelper-validator-identifier cache-miss
242 silly fetch manifest jsesc@^3.0.2
243 silly packumentCache full:https://registry.npmjs.org/jsesc cache-miss
244 silly fetch manifest @jridgewell/gen-mapping@^0.3.12
245 silly packumentCache full:https://registry.npmjs.org/@jridgewell%2fgen-mapping cache-miss
246 silly fetch manifest @jridgewell/trace-mapping@^0.3.28
247 silly packumentCache full:https://registry.npmjs.org/@jridgewell%2ftrace-mapping cache-miss
248 silly fetch manifest lru-cache@^5.1.1
249 silly packumentCache full:https://registry.npmjs.org/lru-cache cache-miss
250 http fetch GET 200 https://registry.npmjs.org/picocolors 50ms (cache miss)
251 silly packumentCache full:https://registry.npmjs.org/picocolors set size:undefined disposed:false
252 silly fetch manifest browserslist@^4.24.0
253 silly packumentCache full:https://registry.npmjs.org/browserslist cache-miss
254 http fetch GET 200 https://registry.npmjs.org/js-tokens 82ms (cache miss)
255 silly packumentCache full:https://registry.npmjs.org/js-tokens set size:undefined disposed:false
256 silly fetch manifest @babel/compat-data@^7.29.7
257 silly packumentCache full:https://registry.npmjs.org/@babel%2fcompat-data cache-miss
258 http fetch GET 200 https://registry.npmjs.org/@jridgewell%2fgen-mapping 224ms (cache miss)
259 silly packumentCache full:https://registry.npmjs.org/@jridgewell%2fgen-mapping set size:undefined disposed:false
260 silly fetch manifest @babel/helper-validator-option@^7.29.7
261 silly packumentCache full:https://registry.npmjs.org/@babel%2fhelper-validator-option cache-miss
262 http fetch GET 200 https://registry.npmjs.org/jsesc 228ms (cache miss)
263 silly packumentCache full:https://registry.npmjs.org/jsesc set size:undefined disposed:false
264 silly fetch manifest @babel/helper-module-imports@^7.29.7
265 silly packumentCache full:https://registry.npmjs.org/@babel%2fhelper-module-imports cache-miss
266 http fetch GET 200 https://registry.npmjs.org/@jridgewell%2ftrace-mapping 311ms (cache miss)
267 silly packumentCache full:https://registry.npmjs.org/@jridgewell%2ftrace-mapping set size:undefined disposed:false
268 silly fetch manifest @babel/helper-validator-identifier@^7.29.7
269 silly packumentCache full:https://registry.npmjs.org/@babel%2fhelper-validator-identifier cache-miss
270 http fetch GET 200 https://registry.npmjs.org/@babel%2fhelper-validator-option 296ms (cache miss)
271 silly packumentCache full:https://registry.npmjs.org/@babel%2fhelper-validator-option set size:undefined disposed:false
272 silly fetch manifest debug@^4.3.1
273 silly packumentCache full:https://registry.npmjs.org/debug cache-miss
274 http fetch GET 200 https://registry.npmjs.org/debug 1ms (cache hit)
275 silly packumentCache full:https://registry.npmjs.org/debug set size:195840 disposed:false
276 silly fetch manifest @babel/helper-globals@^7.29.7
277 silly packumentCache full:https://registry.npmjs.org/@babel%2fhelper-globals cache-miss
278 http fetch GET 200 https://registry.npmjs.org/@babel%2fcompat-data 515ms (cache miss)
279 silly packumentCache full:https://registry.npmjs.org/@babel%2fcompat-data set size:undefined disposed:false
280 silly fetch manifest @babel/helper-string-parser@^7.29.7
281 silly packumentCache full:https://registry.npmjs.org/@babel%2fhelper-string-parser cache-miss
282 http fetch GET 200 https://registry.npmjs.org/@babel%2fhelper-validator-identifier 605ms (cache miss)
283 silly packumentCache full:https://registry.npmjs.org/@babel%2fhelper-validator-identifier set size:undefined disposed:false
284 silly fetch manifest @jridgewell/gen-mapping@^0.3.5
285 silly packumentCache full:https://registry.npmjs.org/@jridgewell%2fgen-mapping cache-miss
286 http fetch GET 200 https://registry.npmjs.org/@jridgewell%2fgen-mapping 2ms (cache hit)
287 silly packumentCache full:https://registry.npmjs.org/@jridgewell%2fgen-mapping set size:75941 disposed:false
288 silly fetch manifest @jridgewell/trace-mapping@^0.3.24
289 silly packumentCache full:https://registry.npmjs.org/@jridgewell%2ftrace-mapping cache-miss
290 http fetch GET 200 https://registry.npmjs.org/@jridgewell%2ftrace-mapping 4ms (cache hit)
291 silly packumentCache full:https://registry.npmjs.org/@jridgewell%2ftrace-mapping set size:170909 disposed:false
292 silly fetch manifest ms@^2.1.3
293 silly packumentCache full:https://registry.npmjs.org/ms cache-miss
294 http fetch GET 200 https://registry.npmjs.org/@babel%2fhelper-validator-identifier 472ms (cache miss)
295 silly packumentCache full:https://registry.npmjs.org/@babel%2fhelper-validator-identifier set size:undefined disposed:false
296 http fetch GET 200 https://registry.npmjs.org/@babel%2fhelper-globals 287ms (cache miss)
297 silly packumentCache full:https://registry.npmjs.org/@babel%2fhelper-globals set size:undefined disposed:false
298 http fetch GET 200 https://registry.npmjs.org/browserslist 768ms (cache miss)
299 silly packumentCache full:https://registry.npmjs.org/browserslist set size:undefined disposed:false
300 http fetch GET 200 https://registry.npmjs.org/@babel%2fhelper-module-imports 625ms (cache miss)
301 silly packumentCache full:https://registry.npmjs.org/@babel%2fhelper-module-imports set size:undefined disposed:false
302 http fetch GET 200 https://registry.npmjs.org/ms 267ms (cache miss)
303 silly packumentCache full:https://registry.npmjs.org/ms set size:undefined disposed:false
304 http fetch GET 200 https://registry.npmjs.org/@babel%2fhelper-string-parser 347ms (cache miss)
305 silly packumentCache full:https://registry.npmjs.org/@babel%2fhelper-string-parser set size:undefined disposed:false
306 http fetch GET 200 https://registry.npmjs.org/lru-cache 1114ms (cache miss)
307 silly packumentCache full:https://registry.npmjs.org/lru-cache set size:undefined disposed:false
308 silly placeDep ROOT @babel/helper-validator-identifier@7.29.7 OK for: @babel/code-frame@7.29.7 want: ^7.29.7
309 silly placeDep ROOT js-tokens@4.0.0 OK for: @babel/code-frame@7.29.7 want: ^4.0.0
310 silly placeDep ROOT picocolors@1.1.1 OK for: @babel/code-frame@7.29.7 want: ^1.1.1
311 silly placeDep ROOT @jridgewell/gen-mapping@0.3.13 OK for: @babel/generator@7.29.7 want: ^0.3.12
312 silly placeDep ROOT @jridgewell/trace-mapping@0.3.31 OK for: @babel/generator@7.29.7 want: ^0.3.28
313 silly placeDep ROOT jsesc@3.1.0 OK for: @babel/generator@7.29.7 want: ^3.0.2
314 silly fetch manifest @jridgewell/sourcemap-codec@^1.5.0
315 silly packumentCache full:https://registry.npmjs.org/@jridgewell%2fsourcemap-codec cache-miss
316 silly fetch manifest @jridgewell/resolve-uri@^3.1.0
317 silly packumentCache full:https://registry.npmjs.org/@jridgewell%2fresolve-uri cache-miss
318 silly fetch manifest @jridgewell/sourcemap-codec@^1.4.14
319 silly packumentCache full:https://registry.npmjs.org/@jridgewell%2fsourcemap-codec cache-miss
320 http fetch GET 200 https://registry.npmjs.org/@jridgewell%2fsourcemap-codec 154ms (cache miss)
321 silly packumentCache full:https://registry.npmjs.org/@jridgewell%2fsourcemap-codec set size:undefined disposed:false
322 http fetch GET 200 https://registry.npmjs.org/@jridgewell%2fsourcemap-codec 155ms (cache miss)
323 silly packumentCache full:https://registry.npmjs.org/@jridgewell%2fsourcemap-codec set size:undefined disposed:false
324 http fetch GET 200 https://registry.npmjs.org/@jridgewell%2fresolve-uri 515ms (cache miss)
325 silly packumentCache full:https://registry.npmjs.org/@jridgewell%2fresolve-uri set size:undefined disposed:false
326 silly placeDep ROOT @babel/compat-data@7.29.7 OK for: @babel/helper-compilation-targets@7.29.7 want: ^7.29.7
327 silly placeDep ROOT @babel/helper-validator-option@7.29.7 OK for: @babel/helper-compilation-targets@7.29.7 want: ^7.29.7
328 silly placeDep ROOT browserslist@4.28.5 OK for: @babel/helper-compilation-targets@7.29.7 want: ^4.24.0
329 silly placeDep ROOT lru-cache@5.1.1 OK for: @babel/helper-compilation-targets@7.29.7 want: ^5.1.1
330 silly fetch manifest caniuse-lite@^1.0.30001800
331 silly packumentCache full:https://registry.npmjs.org/caniuse-lite cache-miss
332 silly fetch manifest node-releases@^2.0.50
333 silly packumentCache full:https://registry.npmjs.org/node-releases cache-miss
334 silly fetch manifest electron-to-chromium@^1.5.387
335 silly packumentCache full:https://registry.npmjs.org/electron-to-chromium cache-miss
336 silly fetch manifest update-browserslist-db@^1.2.3
337 silly packumentCache full:https://registry.npmjs.org/update-browserslist-db cache-miss
338 silly fetch manifest baseline-browser-mapping@^2.10.42
339 silly packumentCache full:https://registry.npmjs.org/baseline-browser-mapping cache-miss
340 silly fetch manifest yallist@^3.0.2
341 silly packumentCache full:https://registry.npmjs.org/yallist cache-miss
342 http fetch GET 200 https://registry.npmjs.org/yallist 162ms (cache miss)
343 silly packumentCache full:https://registry.npmjs.org/yallist set size:undefined disposed:false
344 http fetch GET 200 https://registry.npmjs.org/update-browserslist-db 246ms (cache miss)
345 silly packumentCache full:https://registry.npmjs.org/update-browserslist-db set size:undefined disposed:false
346 http fetch GET 200 https://registry.npmjs.org/baseline-browser-mapping 426ms (cache miss)
347 silly packumentCache full:https://registry.npmjs.org/baseline-browser-mapping set size:undefined disposed:false
348 http fetch GET 200 https://registry.npmjs.org/node-releases 859ms (cache miss)
349 silly packumentCache full:https://registry.npmjs.org/node-releases set size:undefined disposed:false
350 http fetch GET 200 https://registry.npmjs.org/electron-to-chromium 3599ms (cache miss)
351 silly packumentCache full:https://registry.npmjs.org/electron-to-chromium set size:undefined disposed:false
352 http fetch GET 200 https://registry.npmjs.org/caniuse-lite 3828ms (cache miss)
353 silly packumentCache full:https://registry.npmjs.org/caniuse-lite set size:undefined disposed:false
354 silly placeDep ROOT @babel/helper-module-imports@7.29.7 OK for: @babel/helper-module-transforms@7.29.7 want: ^7.29.7
355 silly placeDep ROOT @babel/helper-plugin-utils@7.29.7 OK for: @babel/plugin-transform-react-jsx-self@7.29.7 want: ^7.29.7
356 silly placeDep ROOT @babel/helper-globals@7.29.7 OK for: @babel/traverse@7.29.7 want: ^7.29.7
357 silly placeDep ROOT @babel/helper-string-parser@7.29.7 OK for: @babel/types@7.29.7 want: ^7.29.7
358 silly placeDep ROOT @jridgewell/sourcemap-codec@1.5.5 OK for: @jridgewell/gen-mapping@0.3.13 want: ^1.5.0
359 silly placeDep ROOT @jridgewell/resolve-uri@3.1.2 OK for: @jridgewell/trace-mapping@0.3.31 want: ^3.1.0
360 silly placeDep ROOT @types/babel__generator@7.27.0 OK for: @types/babel__core@7.20.5 want: *
361 silly placeDep ROOT @types/babel__template@7.4.4 OK for: @types/babel__core@7.20.5 want: *
362 silly placeDep ROOT @types/babel__traverse@7.28.0 OK for: @types/babel__core@7.20.5 want: *
363 silly fetch manifest browserslist@>= 4.21.0
364 silly packumentCache full:https://registry.npmjs.org/browserslist cache-miss
365 http fetch GET 200 https://registry.npmjs.org/browserslist 2ms (cache hit)
366 silly packumentCache full:https://registry.npmjs.org/browserslist set size:511658 disposed:false
367 silly placeDep ROOT baseline-browser-mapping@2.10.42 OK for: browserslist@4.28.5 want: ^2.10.42
368 silly placeDep ROOT caniuse-lite@1.0.30001803 OK for: browserslist@4.28.5 want: ^1.0.30001800
369 silly placeDep ROOT electron-to-chromium@1.5.389 OK for: browserslist@4.28.5 want: ^1.5.387
370 silly placeDep ROOT node-releases@2.0.51 OK for: browserslist@4.28.5 want: ^2.0.50
371 silly placeDep ROOT update-browserslist-db@1.2.3 OK for: browserslist@4.28.5 want: ^1.2.3
372 silly fetch manifest escalade@^3.2.0
373 silly packumentCache full:https://registry.npmjs.org/escalade cache-miss
374 http fetch GET 200 https://registry.npmjs.org/escalade 67ms (cache miss)
375 silly packumentCache full:https://registry.npmjs.org/escalade set size:undefined disposed:false
376 silly placeDep ROOT ms@2.1.3 OK for: debug@4.4.3 want: ^2.1.3
377 silly placeDep ROOT yallist@3.1.1 OK for: lru-cache@5.1.1 want: ^3.0.2
378 silly placeDep ROOT loose-envify@1.4.0 OK for: react@18.3.1 want: ^1.1.0
379 silly placeDep ROOT scheduler@0.23.2 OK for: react-dom@18.3.1 want: ^0.23.2
380 silly placeDep ROOT escalade@3.2.0 OK for: update-browserslist-db@1.2.3 want: ^3.2.0
381 silly placeDep ROOT esbuild@0.21.5 OK for: vite@5.4.21 want: ^0.21.3
382 silly placeDep ROOT fsevents@2.3.3 OK for: vite@5.4.21 want: ~2.3.3
383 silly placeDep ROOT postcss@8.5.16 OK for: vite@5.4.21 want: ^8.4.43
384 silly placeDep ROOT rollup@4.62.2 OK for: vite@5.4.21 want: ^4.20.0
385 silly fetch manifest @esbuild/aix-ppc64@0.21.5
386 silly packumentCache full:https://registry.npmjs.org/@esbuild%2faix-ppc64 cache-miss
387 silly fetch manifest @esbuild/linux-arm@0.21.5
388 silly packumentCache full:https://registry.npmjs.org/@esbuild%2flinux-arm cache-miss
389 silly fetch manifest @esbuild/linux-x64@0.21.5
390 silly packumentCache full:https://registry.npmjs.org/@esbuild%2flinux-x64 cache-miss
391 silly fetch manifest @esbuild/sunos-x64@0.21.5
392 silly packumentCache full:https://registry.npmjs.org/@esbuild%2fsunos-x64 cache-miss
393 silly fetch manifest @esbuild/win32-x64@0.21.5
394 silly packumentCache full:https://registry.npmjs.org/@esbuild%2fwin32-x64 cache-miss
395 silly fetch manifest @esbuild/darwin-x64@0.21.5
396 silly packumentCache full:https://registry.npmjs.org/@esbuild%2fdarwin-x64 cache-miss
397 silly fetch manifest @esbuild/linux-ia32@0.21.5
398 silly packumentCache full:https://registry.npmjs.org/@esbuild%2flinux-ia32 cache-miss
399 http fetch GET 200 https://registry.npmjs.org/@esbuild%2fwin32-x64 201ms (cache miss)
400 silly packumentCache full:https://registry.npmjs.org/@esbuild%2fwin32-x64 set size:undefined disposed:false
401 silly fetch manifest @esbuild/netbsd-x64@0.21.5
402 silly packumentCache full:https://registry.npmjs.org/@esbuild%2fnetbsd-x64 cache-miss
403 http fetch GET 200 https://registry.npmjs.org/@esbuild%2faix-ppc64 303ms (cache miss)
404 silly packumentCache full:https://registry.npmjs.org/@esbuild%2faix-ppc64 set size:undefined disposed:false
405 silly fetch manifest @esbuild/win32-ia32@0.21.5
406 silly packumentCache full:https://registry.npmjs.org/@esbuild%2fwin32-ia32 cache-miss
407 http fetch GET 200 https://registry.npmjs.org/@esbuild%2flinux-ia32 620ms (cache miss)
408 silly packumentCache full:https://registry.npmjs.org/@esbuild%2flinux-ia32 set size:undefined disposed:false
409 silly fetch manifest @esbuild/android-arm@0.21.5
410 silly packumentCache full:https://registry.npmjs.org/@esbuild%2fandroid-arm cache-miss
411 http fetch GET 200 https://registry.npmjs.org/@esbuild%2flinux-x64 728ms (cache miss)
412 silly packumentCache full:https://registry.npmjs.org/@esbuild%2flinux-x64 set size:undefined disposed:false
413 silly fetch manifest @esbuild/android-x64@0.21.5
414 silly packumentCache full:https://registry.npmjs.org/@esbuild%2fandroid-x64 cache-miss
415 http fetch GET 200 https://registry.npmjs.org/@esbuild%2fnetbsd-x64 619ms (cache miss)
416 silly packumentCache full:https://registry.npmjs.org/@esbuild%2fnetbsd-x64 set size:undefined disposed:false
417 silly fetch manifest @esbuild/freebsd-x64@0.21.5
418 silly packumentCache full:https://registry.npmjs.org/@esbuild%2ffreebsd-x64 cache-miss
419 http fetch GET 200 https://registry.npmjs.org/@esbuild%2flinux-arm 951ms (cache miss)
420 silly packumentCache full:https://registry.npmjs.org/@esbuild%2flinux-arm set size:undefined disposed:false
421 silly fetch manifest @esbuild/linux-arm64@0.21.5
422 silly packumentCache full:https://registry.npmjs.org/@esbuild%2flinux-arm64 cache-miss
423 http fetch GET 200 https://registry.npmjs.org/@esbuild%2fdarwin-x64 954ms (cache miss)
424 silly packumentCache full:https://registry.npmjs.org/@esbuild%2fdarwin-x64 set size:undefined disposed:false
425 silly fetch manifest @esbuild/linux-ppc64@0.21.5
426 silly packumentCache full:https://registry.npmjs.org/@esbuild%2flinux-ppc64 cache-miss
427 http fetch GET 200 https://registry.npmjs.org/@esbuild%2fsunos-x64 957ms (cache miss)
428 silly packumentCache full:https://registry.npmjs.org/@esbuild%2fsunos-x64 set size:undefined disposed:false
429 silly fetch manifest @esbuild/linux-s390x@0.21.5
430 silly packumentCache full:https://registry.npmjs.org/@esbuild%2flinux-s390x cache-miss
431 http fetch GET 200 https://registry.npmjs.org/@esbuild%2ffreebsd-x64 381ms (cache miss)
432 silly packumentCache full:https://registry.npmjs.org/@esbuild%2ffreebsd-x64 set size:undefined disposed:false
433 silly fetch manifest @esbuild/openbsd-x64@0.21.5
434 silly packumentCache full:https://registry.npmjs.org/@esbuild%2fopenbsd-x64 cache-miss
435 http fetch GET 200 https://registry.npmjs.org/@esbuild%2fandroid-x64 532ms (cache miss)
436 silly packumentCache full:https://registry.npmjs.org/@esbuild%2fandroid-x64 set size:undefined disposed:false
437 silly fetch manifest @esbuild/win32-arm64@0.21.5
438 silly packumentCache full:https://registry.npmjs.org/@esbuild%2fwin32-arm64 cache-miss
439 http fetch GET 200 https://registry.npmjs.org/@esbuild%2fwin32-ia32 1016ms (cache miss)
440 silly packumentCache full:https://registry.npmjs.org/@esbuild%2fwin32-ia32 set size:undefined disposed:false
441 silly fetch manifest @esbuild/darwin-arm64@0.21.5
442 silly packumentCache full:https://registry.npmjs.org/@esbuild%2fdarwin-arm64 cache-miss
443 http fetch GET 200 https://registry.npmjs.org/@esbuild%2fandroid-arm 859ms (cache miss)
444 silly packumentCache full:https://registry.npmjs.org/@esbuild%2fandroid-arm set size:undefined disposed:false
445 silly fetch manifest @esbuild/android-arm64@0.21.5
446 silly packumentCache full:https://registry.npmjs.org/@esbuild%2fandroid-arm64 cache-miss
447 http fetch GET 200 https://registry.npmjs.org/@esbuild%2flinux-s390x 525ms (cache miss)
448 silly packumentCache full:https://registry.npmjs.org/@esbuild%2flinux-s390x set size:undefined disposed:false
449 silly fetch manifest @esbuild/freebsd-arm64@0.21.5
450 silly packumentCache full:https://registry.npmjs.org/@esbuild%2ffreebsd-arm64 cache-miss
451 http fetch GET 200 https://registry.npmjs.org/@esbuild%2flinux-ppc64 565ms (cache miss)
452 silly packumentCache full:https://registry.npmjs.org/@esbuild%2flinux-ppc64 set size:undefined disposed:false
453 silly fetch manifest @esbuild/linux-loong64@0.21.5
454 silly packumentCache full:https://registry.npmjs.org/@esbuild%2flinux-loong64 cache-miss
455 http fetch GET 200 https://registry.npmjs.org/@esbuild%2flinux-arm64 860ms (cache miss)
456 silly packumentCache full:https://registry.npmjs.org/@esbuild%2flinux-arm64 set size:undefined disposed:false
457 silly fetch manifest @esbuild/linux-riscv64@0.21.5
458 silly packumentCache full:https://registry.npmjs.org/@esbuild%2flinux-riscv64 cache-miss
459 http fetch GET 200 https://registry.npmjs.org/@esbuild%2fandroid-arm64 343ms (cache miss)
460 silly packumentCache full:https://registry.npmjs.org/@esbuild%2fandroid-arm64 set size:undefined disposed:false
461 silly fetch manifest @esbuild/linux-mips64el@0.21.5
462 silly packumentCache full:https://registry.npmjs.org/@esbuild%2flinux-mips64el cache-miss
463 http fetch GET 200 https://registry.npmjs.org/@esbuild%2fwin32-arm64 565ms (cache miss)
464 silly packumentCache full:https://registry.npmjs.org/@esbuild%2fwin32-arm64 set size:undefined disposed:false
465 silly fetch manifest nanoid@^3.3.12
466 silly packumentCache full:https://registry.npmjs.org/nanoid cache-miss
467 http fetch GET 200 https://registry.npmjs.org/@esbuild%2fdarwin-arm64 527ms (cache miss)
468 silly packumentCache full:https://registry.npmjs.org/@esbuild%2fdarwin-arm64 set size:undefined disposed:false
469 silly fetch manifest source-map-js@^1.2.1
470 silly packumentCache full:https://registry.npmjs.org/source-map-js cache-miss
471 http fetch GET 200 https://registry.npmjs.org/@esbuild%2ffreebsd-arm64 372ms (cache miss)
472 silly packumentCache full:https://registry.npmjs.org/@esbuild%2ffreebsd-arm64 set size:undefined disposed:false
473 silly fetch manifest @types/estree@1.0.9
474 silly packumentCache full:https://registry.npmjs.org/@types%2festree cache-miss
475 http fetch GET 200 https://registry.npmjs.org/@esbuild%2fopenbsd-x64 655ms (cache miss)
476 silly packumentCache full:https://registry.npmjs.org/@esbuild%2fopenbsd-x64 set size:undefined disposed:false
477 silly fetch manifest @rollup/rollup-darwin-arm64@4.62.2
478 silly packumentCache full:https://registry.npmjs.org/@rollup%2frollup-darwin-arm64 cache-miss
479 http fetch GET 200 https://registry.npmjs.org/source-map-js 164ms (cache miss)
480 silly packumentCache full:https://registry.npmjs.org/source-map-js set size:undefined disposed:false
481 silly fetch manifest @rollup/rollup-android-arm64@4.62.2
482 silly packumentCache full:https://registry.npmjs.org/@rollup%2frollup-android-arm64 cache-miss
483 http fetch GET 200 https://registry.npmjs.org/@types%2festree 187ms (cache miss)
484 silly packumentCache full:https://registry.npmjs.org/@types%2festree set size:undefined disposed:false
485 silly fetch manifest @rollup/rollup-win32-arm64-msvc@4.62.2
486 silly packumentCache full:https://registry.npmjs.org/@rollup%2frollup-win32-arm64-msvc cache-miss
487 http fetch GET 200 https://registry.npmjs.org/@esbuild%2flinux-loong64 593ms (cache miss)
488 silly packumentCache full:https://registry.npmjs.org/@esbuild%2flinux-loong64 set size:undefined disposed:false
489 silly fetch manifest @rollup/rollup-freebsd-arm64@4.62.2
490 silly packumentCache full:https://registry.npmjs.org/@rollup%2frollup-freebsd-arm64 cache-miss
491 http fetch GET 200 https://registry.npmjs.org/@rollup%2frollup-darwin-arm64 284ms (cache miss)
492 silly packumentCache full:https://registry.npmjs.org/@rollup%2frollup-darwin-arm64 set size:undefined disposed:false
493 silly fetch manifest @rollup/rollup-linux-arm64-gnu@4.62.2
494 silly packumentCache full:https://registry.npmjs.org/@rollup%2frollup-linux-arm64-gnu cache-miss
495 http fetch GET 200 https://registry.npmjs.org/nanoid 392ms (cache miss)
496 silly packumentCache full:https://registry.npmjs.org/nanoid set size:undefined disposed:false
497 silly fetch manifest @rollup/rollup-linux-arm64-musl@4.62.2
498 silly packumentCache full:https://registry.npmjs.org/@rollup%2frollup-linux-arm64-musl cache-miss
499 http fetch GET 200 https://registry.npmjs.org/@esbuild%2flinux-riscv64 470ms (cache miss)
500 silly packumentCache full:https://registry.npmjs.org/@esbuild%2flinux-riscv64 set size:undefined disposed:false
501 silly fetch manifest @rollup/rollup-android-arm-eabi@4.62.2
502 silly packumentCache full:https://registry.npmjs.org/@rollup%2frollup-android-arm-eabi cache-miss
503 http fetch GET 200 https://registry.npmjs.org/@esbuild%2flinux-mips64el 730ms (cache miss)
504 silly packumentCache full:https://registry.npmjs.org/@esbuild%2flinux-mips64el set size:undefined disposed:false
505 silly fetch manifest @rollup/rollup-linux-arm-gnueabihf@4.62.2
506 silly packumentCache full:https://registry.npmjs.org/@rollup%2frollup-linux-arm-gnueabihf cache-miss
507 http fetch GET 200 https://registry.npmjs.org/@rollup%2frollup-freebsd-arm64 508ms (cache miss)
508 silly packumentCache full:https://registry.npmjs.org/@rollup%2frollup-freebsd-arm64 set size:undefined disposed:false
509 silly fetch manifest @rollup/rollup-linux-arm-musleabihf@4.62.2
510 silly packumentCache full:https://registry.npmjs.org/@rollup%2frollup-linux-arm-musleabihf cache-miss
511 http fetch GET 200 https://registry.npmjs.org/@rollup%2frollup-linux-arm64-musl 449ms (cache miss)
512 silly packumentCache full:https://registry.npmjs.org/@rollup%2frollup-linux-arm64-musl set size:undefined disposed:false
513 silly fetch manifest @rollup/rollup-win32-ia32-msvc@4.62.2
514 silly packumentCache full:https://registry.npmjs.org/@rollup%2frollup-win32-ia32-msvc cache-miss
515 http fetch GET 200 https://registry.npmjs.org/@rollup%2frollup-android-arm64 663ms (cache miss)
516 silly packumentCache full:https://registry.npmjs.org/@rollup%2frollup-android-arm64 set size:undefined disposed:false
517 silly fetch manifest @rollup/rollup-linux-loong64-gnu@4.62.2
518 silly packumentCache full:https://registry.npmjs.org/@rollup%2frollup-linux-loong64-gnu cache-miss
519 http fetch GET 200 https://registry.npmjs.org/@rollup%2frollup-linux-arm64-gnu 546ms (cache miss)
520 silly packumentCache full:https://registry.npmjs.org/@rollup%2frollup-linux-arm64-gnu set size:undefined disposed:false
521 silly fetch manifest @rollup/rollup-linux-loong64-musl@4.62.2
522 silly packumentCache full:https://registry.npmjs.org/@rollup%2frollup-linux-loong64-musl cache-miss
523 http fetch GET 200 https://registry.npmjs.org/@rollup%2frollup-win32-arm64-msvc 705ms (cache miss)
524 silly packumentCache full:https://registry.npmjs.org/@rollup%2frollup-win32-arm64-msvc set size:undefined disposed:false
525 silly fetch manifest @rollup/rollup-linux-riscv64-gnu@4.62.2
526 silly packumentCache full:https://registry.npmjs.org/@rollup%2frollup-linux-riscv64-gnu cache-miss
527 http fetch GET 200 https://registry.npmjs.org/@rollup%2frollup-linux-loong64-musl 144ms (cache miss)
528 silly packumentCache full:https://registry.npmjs.org/@rollup%2frollup-linux-loong64-musl set size:undefined disposed:false
529 silly fetch manifest @rollup/rollup-linux-riscv64-musl@4.62.2
530 silly packumentCache full:https://registry.npmjs.org/@rollup%2frollup-linux-riscv64-musl cache-miss
531 http fetch GET 200 https://registry.npmjs.org/@rollup%2frollup-android-arm-eabi 765ms (cache miss)
532 silly packumentCache full:https://registry.npmjs.org/@rollup%2frollup-android-arm-eabi set size:undefined disposed:false
533 silly fetch manifest @rollup/rollup-linux-ppc64-gnu@4.62.2
534 silly packumentCache full:https://registry.npmjs.org/@rollup%2frollup-linux-ppc64-gnu cache-miss
535 http fetch GET 200 https://registry.npmjs.org/@rollup%2frollup-win32-ia32-msvc 384ms (cache miss)
536 silly packumentCache full:https://registry.npmjs.org/@rollup%2frollup-win32-ia32-msvc set size:undefined disposed:false
537 silly fetch manifest @rollup/rollup-linux-ppc64-musl@4.62.2
538 silly packumentCache full:https://registry.npmjs.org/@rollup%2frollup-linux-ppc64-musl cache-miss
539 http fetch GET 200 https://registry.npmjs.org/@rollup%2frollup-linux-arm-gnueabihf 503ms (cache miss)
540 silly packumentCache full:https://registry.npmjs.org/@rollup%2frollup-linux-arm-gnueabihf set size:undefined disposed:false
541 silly fetch manifest @rollup/rollup-linux-s390x-gnu@4.62.2
542 silly packumentCache full:https://registry.npmjs.org/@rollup%2frollup-linux-s390x-gnu cache-miss
543 http fetch GET 200 https://registry.npmjs.org/@rollup%2frollup-linux-loong64-gnu 426ms (cache miss)
544 silly packumentCache full:https://registry.npmjs.org/@rollup%2frollup-linux-loong64-gnu set size:undefined disposed:false
545 silly fetch manifest @rollup/rollup-darwin-x64@4.62.2
546 silly packumentCache full:https://registry.npmjs.org/@rollup%2frollup-darwin-x64 cache-miss
547 http fetch GET 200 https://registry.npmjs.org/@rollup%2frollup-linux-arm-musleabihf 504ms (cache miss)
548 silly packumentCache full:https://registry.npmjs.org/@rollup%2frollup-linux-arm-musleabihf set size:undefined disposed:false
549 silly fetch manifest @rollup/rollup-win32-x64-gnu@4.62.2
550 silly packumentCache full:https://registry.npmjs.org/@rollup%2frollup-win32-x64-gnu cache-miss
551 http fetch GET 200 https://registry.npmjs.org/@rollup%2frollup-linux-ppc64-musl 88ms (cache miss)
552 silly packumentCache full:https://registry.npmjs.org/@rollup%2frollup-linux-ppc64-musl set size:undefined disposed:false
553 silly fetch manifest @rollup/rollup-win32-x64-msvc@4.62.2
554 silly packumentCache full:https://registry.npmjs.org/@rollup%2frollup-win32-x64-msvc cache-miss
555 http fetch GET 200 https://registry.npmjs.org/@rollup%2frollup-linux-riscv64-gnu 523ms (cache miss)
556 silly packumentCache full:https://registry.npmjs.org/@rollup%2frollup-linux-riscv64-gnu set size:undefined disposed:false
557 silly fetch manifest @rollup/rollup-freebsd-x64@4.62.2
558 silly packumentCache full:https://registry.npmjs.org/@rollup%2frollup-freebsd-x64 cache-miss
559 http fetch GET 200 https://registry.npmjs.org/@rollup%2frollup-linux-s390x-gnu 234ms (cache miss)
560 silly packumentCache full:https://registry.npmjs.org/@rollup%2frollup-linux-s390x-gnu set size:undefined disposed:false
561 silly fetch manifest @rollup/rollup-linux-x64-gnu@4.62.2
562 silly packumentCache full:https://registry.npmjs.org/@rollup%2frollup-linux-x64-gnu cache-miss
563 http fetch GET 200 https://registry.npmjs.org/@rollup%2frollup-linux-riscv64-musl 531ms (cache miss)
564 silly packumentCache full:https://registry.npmjs.org/@rollup%2frollup-linux-riscv64-musl set size:undefined disposed:false
565 silly fetch manifest @rollup/rollup-linux-x64-musl@4.62.2
566 silly packumentCache full:https://registry.npmjs.org/@rollup%2frollup-linux-x64-musl cache-miss
567 http fetch GET 200 https://registry.npmjs.org/@rollup%2frollup-win32-x64-msvc 272ms (cache miss)
568 silly packumentCache full:https://registry.npmjs.org/@rollup%2frollup-win32-x64-msvc set size:undefined disposed:false
569 silly fetch manifest @rollup/rollup-openbsd-x64@4.62.2
570 silly packumentCache full:https://registry.npmjs.org/@rollup%2frollup-openbsd-x64 cache-miss
571 http fetch GET 200 https://registry.npmjs.org/@rollup%2frollup-linux-ppc64-gnu 427ms (cache miss)
572 silly packumentCache full:https://registry.npmjs.org/@rollup%2frollup-linux-ppc64-gnu set size:undefined disposed:false
573 silly fetch manifest @rollup/rollup-openharmony-arm64@4.62.2
574 silly packumentCache full:https://registry.npmjs.org/@rollup%2frollup-openharmony-arm64 cache-miss
575 http fetch GET 200 https://registry.npmjs.org/@rollup%2frollup-win32-x64-gnu 449ms (cache miss)
576 silly packumentCache full:https://registry.npmjs.org/@rollup%2frollup-win32-x64-gnu set size:undefined disposed:false
577 http fetch GET 200 https://registry.npmjs.org/@rollup%2frollup-openbsd-x64 229ms (cache miss)
578 silly packumentCache full:https://registry.npmjs.org/@rollup%2frollup-openbsd-x64 set size:undefined disposed:false
579 http fetch GET 200 https://registry.npmjs.org/@rollup%2frollup-darwin-x64 572ms (cache miss)
580 silly packumentCache full:https://registry.npmjs.org/@rollup%2frollup-darwin-x64 set size:undefined disposed:false
581 http fetch GET 200 https://registry.npmjs.org/@rollup%2frollup-freebsd-x64 462ms (cache miss)
582 silly packumentCache full:https://registry.npmjs.org/@rollup%2frollup-freebsd-x64 set size:undefined disposed:false
583 http fetch GET 200 https://registry.npmjs.org/@rollup%2frollup-openharmony-arm64 265ms (cache miss)
584 silly packumentCache full:https://registry.npmjs.org/@rollup%2frollup-openharmony-arm64 set size:undefined disposed:false
585 http fetch GET 200 https://registry.npmjs.org/@rollup%2frollup-linux-x64-gnu 474ms (cache miss)
586 silly packumentCache full:https://registry.npmjs.org/@rollup%2frollup-linux-x64-gnu set size:undefined disposed:false
587 http fetch GET 200 https://registry.npmjs.org/@rollup%2frollup-linux-x64-musl 727ms (cache miss)
588 silly packumentCache full:https://registry.npmjs.org/@rollup%2frollup-linux-x64-musl set size:undefined disposed:false
589 silly placeDep ROOT @esbuild/aix-ppc64@0.21.5 OK for: esbuild@0.21.5 want: 0.21.5
590 silly placeDep ROOT @esbuild/android-arm@0.21.5 OK for: esbuild@0.21.5 want: 0.21.5
591 silly placeDep ROOT @esbuild/android-arm64@0.21.5 OK for: esbuild@0.21.5 want: 0.21.5
592 silly placeDep ROOT @esbuild/android-x64@0.21.5 OK for: esbuild@0.21.5 want: 0.21.5
593 silly placeDep ROOT @esbuild/darwin-arm64@0.21.5 OK for: esbuild@0.21.5 want: 0.21.5
594 silly placeDep ROOT @esbuild/darwin-x64@0.21.5 OK for: esbuild@0.21.5 want: 0.21.5
595 silly placeDep ROOT @esbuild/freebsd-arm64@0.21.5 OK for: esbuild@0.21.5 want: 0.21.5
596 silly placeDep ROOT @esbuild/freebsd-x64@0.21.5 OK for: esbuild@0.21.5 want: 0.21.5
597 silly placeDep ROOT @esbuild/linux-arm@0.21.5 OK for: esbuild@0.21.5 want: 0.21.5
598 silly placeDep ROOT @esbuild/linux-arm64@0.21.5 OK for: esbuild@0.21.5 want: 0.21.5
599 silly placeDep ROOT @esbuild/linux-ia32@0.21.5 OK for: esbuild@0.21.5 want: 0.21.5
600 silly placeDep ROOT @esbuild/linux-loong64@0.21.5 OK for: esbuild@0.21.5 want: 0.21.5
601 silly placeDep ROOT @esbuild/linux-mips64el@0.21.5 OK for: esbuild@0.21.5 want: 0.21.5
602 silly placeDep ROOT @esbuild/linux-ppc64@0.21.5 OK for: esbuild@0.21.5 want: 0.21.5
603 silly placeDep ROOT @esbuild/linux-riscv64@0.21.5 OK for: esbuild@0.21.5 want: 0.21.5
604 silly placeDep ROOT @esbuild/linux-s390x@0.21.5 OK for: esbuild@0.21.5 want: 0.21.5
605 silly placeDep ROOT @esbuild/linux-x64@0.21.5 OK for: esbuild@0.21.5 want: 0.21.5
606 silly placeDep ROOT @esbuild/netbsd-x64@0.21.5 OK for: esbuild@0.21.5 want: 0.21.5
607 silly placeDep ROOT @esbuild/openbsd-x64@0.21.5 OK for: esbuild@0.21.5 want: 0.21.5
608 silly placeDep ROOT @esbuild/sunos-x64@0.21.5 OK for: esbuild@0.21.5 want: 0.21.5
609 silly placeDep ROOT @esbuild/win32-arm64@0.21.5 OK for: esbuild@0.21.5 want: 0.21.5
610 silly placeDep ROOT @esbuild/win32-ia32@0.21.5 OK for: esbuild@0.21.5 want: 0.21.5
611 silly placeDep ROOT @esbuild/win32-x64@0.21.5 OK for: esbuild@0.21.5 want: 0.21.5
612 silly placeDep ROOT nanoid@3.3.15 OK for: postcss@8.5.16 want: ^3.3.12
613 silly placeDep ROOT source-map-js@1.2.1 OK for: postcss@8.5.16 want: ^1.2.1
614 silly placeDep ROOT @rollup/rollup-android-arm-eabi@4.62.2 OK for: rollup@4.62.2 want: 4.62.2
615 silly placeDep ROOT @rollup/rollup-android-arm64@4.62.2 OK for: rollup@4.62.2 want: 4.62.2
616 silly placeDep ROOT @rollup/rollup-darwin-arm64@4.62.2 OK for: rollup@4.62.2 want: 4.62.2
617 silly placeDep ROOT @rollup/rollup-darwin-x64@4.62.2 OK for: rollup@4.62.2 want: 4.62.2
618 silly placeDep ROOT @rollup/rollup-freebsd-arm64@4.62.2 OK for: rollup@4.62.2 want: 4.62.2
619 silly placeDep ROOT @rollup/rollup-freebsd-x64@4.62.2 OK for: rollup@4.62.2 want: 4.62.2
620 silly placeDep ROOT @rollup/rollup-linux-arm-gnueabihf@4.62.2 OK for: rollup@4.62.2 want: 4.62.2
621 silly placeDep ROOT @rollup/rollup-linux-arm-musleabihf@4.62.2 OK for: rollup@4.62.2 want: 4.62.2
622 silly placeDep ROOT @rollup/rollup-linux-arm64-gnu@4.62.2 OK for: rollup@4.62.2 want: 4.62.2
623 silly placeDep ROOT @rollup/rollup-linux-arm64-musl@4.62.2 OK for: rollup@4.62.2 want: 4.62.2
624 silly placeDep ROOT @rollup/rollup-linux-loong64-gnu@4.62.2 OK for: rollup@4.62.2 want: 4.62.2
625 silly placeDep ROOT @rollup/rollup-linux-loong64-musl@4.62.2 OK for: rollup@4.62.2 want: 4.62.2
626 silly placeDep ROOT @rollup/rollup-linux-ppc64-gnu@4.62.2 OK for: rollup@4.62.2 want: 4.62.2
627 silly placeDep ROOT @rollup/rollup-linux-ppc64-musl@4.62.2 OK for: rollup@4.62.2 want: 4.62.2
628 silly placeDep ROOT @rollup/rollup-linux-riscv64-gnu@4.62.2 OK for: rollup@4.62.2 want: 4.62.2
629 silly placeDep ROOT @rollup/rollup-linux-riscv64-musl@4.62.2 OK for: rollup@4.62.2 want: 4.62.2
630 silly placeDep ROOT @rollup/rollup-linux-s390x-gnu@4.62.2 OK for: rollup@4.62.2 want: 4.62.2
631 silly placeDep ROOT @rollup/rollup-linux-x64-gnu@4.62.2 OK for: rollup@4.62.2 want: 4.62.2
632 silly placeDep ROOT @rollup/rollup-linux-x64-musl@4.62.2 OK for: rollup@4.62.2 want: 4.62.2
633 silly placeDep ROOT @rollup/rollup-openbsd-x64@4.62.2 OK for: rollup@4.62.2 want: 4.62.2
634 silly placeDep ROOT @rollup/rollup-openharmony-arm64@4.62.2 OK for: rollup@4.62.2 want: 4.62.2
635 silly placeDep ROOT @rollup/rollup-win32-arm64-msvc@4.62.2 OK for: rollup@4.62.2 want: 4.62.2
636 silly placeDep ROOT @rollup/rollup-win32-ia32-msvc@4.62.2 OK for: rollup@4.62.2 want: 4.62.2
637 silly placeDep ROOT @rollup/rollup-win32-x64-gnu@4.62.2 OK for: rollup@4.62.2 want: 4.62.2
638 silly placeDep ROOT @rollup/rollup-win32-x64-msvc@4.62.2 OK for: rollup@4.62.2 want: 4.62.2
639 silly placeDep ROOT @types/estree@1.0.9 OK for: rollup@4.62.2 want: 1.0.9
640 silly reify moves {}
641 verbose reify failed optional dependency /Users/eydhan/Projects/ReactJs/Library/Library/node_modules/@rollup/rollup-win32-x64-msvc
642 silly reify mark deleted [
642 silly reify   '/Users/eydhan/Projects/ReactJs/Library/Library/node_modules/@rollup/rollup-win32-x64-msvc'
642 silly reify ]
643 verbose reify failed optional dependency /Users/eydhan/Projects/ReactJs/Library/Library/node_modules/@rollup/rollup-win32-x64-gnu
644 silly reify mark deleted [
644 silly reify   '/Users/eydhan/Projects/ReactJs/Library/Library/node_modules/@rollup/rollup-win32-x64-gnu'
644 silly reify ]
645 verbose reify failed optional dependency /Users/eydhan/Projects/ReactJs/Library/Library/node_modules/@rollup/rollup-win32-ia32-msvc
646 silly reify mark deleted [
646 silly reify   '/Users/eydhan/Projects/ReactJs/Library/Library/node_modules/@rollup/rollup-win32-ia32-msvc'
646 silly reify ]
647 verbose reify failed optional dependency /Users/eydhan/Projects/ReactJs/Library/Library/node_modules/@rollup/rollup-win32-arm64-msvc
648 silly reify mark deleted [
648 silly reify   '/Users/eydhan/Projects/ReactJs/Library/Library/node_modules/@rollup/rollup-win32-arm64-msvc'
648 silly reify ]
649 verbose reify failed optional dependency /Users/eydhan/Projects/ReactJs/Library/Library/node_modules/@rollup/rollup-openharmony-arm64
650 silly reify mark deleted [
650 silly reify   '/Users/eydhan/Projects/ReactJs/Library/Library/node_modules/@rollup/rollup-openharmony-arm64'
650 silly reify ]
651 verbose reify failed optional dependency /Users/eydhan/Projects/ReactJs/Library/Library/node_modules/@rollup/rollup-openbsd-x64
652 silly reify mark deleted [
652 silly reify   '/Users/eydhan/Projects/ReactJs/Library/Library/node_modules/@rollup/rollup-openbsd-x64'
652 silly reify ]
653 verbose reify failed optional dependency /Users/eydhan/Projects/ReactJs/Library/Library/node_modules/@rollup/rollup-linux-x64-musl
654 silly reify mark deleted [
654 silly reify   '/Users/eydhan/Projects/ReactJs/Library/Library/node_modules/@rollup/rollup-linux-x64-musl'
654 silly reify ]
655 verbose reify failed optional dependency /Users/eydhan/Projects/ReactJs/Library/Library/node_modules/@rollup/rollup-linux-x64-gnu
656 silly reify mark deleted [
656 silly reify   '/Users/eydhan/Projects/ReactJs/Library/Library/node_modules/@rollup/rollup-linux-x64-gnu'
656 silly reify ]
657 verbose reify failed optional dependency /Users/eydhan/Projects/ReactJs/Library/Library/node_modules/@rollup/rollup-linux-s390x-gnu
658 silly reify mark deleted [
658 silly reify   '/Users/eydhan/Projects/ReactJs/Library/Library/node_modules/@rollup/rollup-linux-s390x-gnu'
658 silly reify ]
659 verbose reify failed optional dependency /Users/eydhan/Projects/ReactJs/Library/Library/node_modules/@rollup/rollup-linux-riscv64-musl
660 silly reify mark deleted [
660 silly reify   '/Users/eydhan/Projects/ReactJs/Library/Library/node_modules/@rollup/rollup-linux-riscv64-musl'
660 silly reify ]
661 verbose reify failed optional dependency /Users/eydhan/Projects/ReactJs/Library/Library/node_modules/@rollup/rollup-linux-riscv64-gnu
662 silly reify mark deleted [
662 silly reify   '/Users/eydhan/Projects/ReactJs/Library/Library/node_modules/@rollup/rollup-linux-riscv64-gnu'
662 silly reify ]
663 verbose reify failed optional dependency /Users/eydhan/Projects/ReactJs/Library/Library/node_modules/@rollup/rollup-linux-ppc64-musl
664 silly reify mark deleted [
664 silly reify   '/Users/eydhan/Projects/ReactJs/Library/Library/node_modules/@rollup/rollup-linux-ppc64-musl'
664 silly reify ]
665 verbose reify failed optional dependency /Users/eydhan/Projects/ReactJs/Library/Library/node_modules/@rollup/rollup-linux-ppc64-gnu
666 silly reify mark deleted [
666 silly reify   '/Users/eydhan/Projects/ReactJs/Library/Library/node_modules/@rollup/rollup-linux-ppc64-gnu'
666 silly reify ]
667 verbose reify failed optional dependency /Users/eydhan/Projects/ReactJs/Library/Library/node_modules/@rollup/rollup-linux-loong64-musl
668 silly reify mark deleted [
668 silly reify   '/Users/eydhan/Projects/ReactJs/Library/Library/node_modules/@rollup/rollup-linux-loong64-musl'
668 silly reify ]
669 verbose reify failed optional dependency /Users/eydhan/Projects/ReactJs/Library/Library/node_modules/@rollup/rollup-linux-loong64-gnu
670 silly reify mark deleted [
670 silly reify   '/Users/eydhan/Projects/ReactJs/Library/Library/node_modules/@rollup/rollup-linux-loong64-gnu'
670 silly reify ]
671 verbose reify failed optional dependency /Users/eydhan/Projects/ReactJs/Library/Library/node_modules/@rollup/rollup-linux-arm64-musl
672 silly reify mark deleted [
672 silly reify   '/Users/eydhan/Projects/ReactJs/Library/Library/node_modules/@rollup/rollup-linux-arm64-musl'
672 silly reify ]
673 verbose reify failed optional dependency /Users/eydhan/Projects/ReactJs/Library/Library/node_modules/@rollup/rollup-linux-arm64-gnu
674 silly reify mark deleted [
674 silly reify   '/Users/eydhan/Projects/ReactJs/Library/Library/node_modules/@rollup/rollup-linux-arm64-gnu'
674 silly reify ]
675 verbose reify failed optional dependency /Users/eydhan/Projects/ReactJs/Library/Library/node_modules/@rollup/rollup-linux-arm-musleabihf
676 silly reify mark deleted [
676 silly reify   '/Users/eydhan/Projects/ReactJs/Library/Library/node_modules/@rollup/rollup-linux-arm-musleabihf'
676 silly reify ]
677 verbose reify failed optional dependency /Users/eydhan/Projects/ReactJs/Library/Library/node_modules/@rollup/rollup-linux-arm-gnueabihf
678 silly reify mark deleted [
678 silly reify   '/Users/eydhan/Projects/ReactJs/Library/Library/node_modules/@rollup/rollup-linux-arm-gnueabihf'
678 silly reify ]
679 verbose reify failed optional dependency /Users/eydhan/Projects/ReactJs/Library/Library/node_modules/@rollup/rollup-freebsd-x64
680 silly reify mark deleted [
680 silly reify   '/Users/eydhan/Projects/ReactJs/Library/Library/node_modules/@rollup/rollup-freebsd-x64'
680 silly reify ]
681 verbose reify failed optional dependency /Users/eydhan/Projects/ReactJs/Library/Library/node_modules/@rollup/rollup-freebsd-arm64
682 silly reify mark deleted [
682 silly reify   '/Users/eydhan/Projects/ReactJs/Library/Library/node_modules/@rollup/rollup-freebsd-arm64'
682 silly reify ]
683 verbose reify failed optional dependency /Users/eydhan/Projects/ReactJs/Library/Library/node_modules/@rollup/rollup-darwin-x64
684 silly reify mark deleted [
684 silly reify   '/Users/eydhan/Projects/ReactJs/Library/Library/node_modules/@rollup/rollup-darwin-x64'
684 silly reify ]
685 verbose reify failed optional dependency /Users/eydhan/Projects/ReactJs/Library/Library/node_modules/@rollup/rollup-android-arm64
686 silly reify mark deleted [
686 silly reify   '/Users/eydhan/Projects/ReactJs/Library/Library/node_modules/@rollup/rollup-android-arm64'
686 silly reify ]
687 verbose reify failed optional dependency /Users/eydhan/Projects/ReactJs/Library/Library/node_modules/@rollup/rollup-android-arm-eabi
688 silly reify mark deleted [
688 silly reify   '/Users/eydhan/Projects/ReactJs/Library/Library/node_modules/@rollup/rollup-android-arm-eabi'
688 silly reify ]
689 verbose reify failed optional dependency /Users/eydhan/Projects/ReactJs/Library/Library/node_modules/@esbuild/win32-x64
690 silly reify mark deleted [
690 silly reify   '/Users/eydhan/Projects/ReactJs/Library/Library/node_modules/@esbuild/win32-x64'
690 silly reify ]
691 verbose reify failed optional dependency /Users/eydhan/Projects/ReactJs/Library/Library/node_modules/@esbuild/win32-ia32
692 silly reify mark deleted [
692 silly reify   '/Users/eydhan/Projects/ReactJs/Library/Library/node_modules/@esbuild/win32-ia32'
692 silly reify ]
693 verbose reify failed optional dependency /Users/eydhan/Projects/ReactJs/Library/Library/node_modules/@esbuild/win32-arm64
694 silly reify mark deleted [
694 silly reify   '/Users/eydhan/Projects/ReactJs/Library/Library/node_modules/@esbuild/win32-arm64'
694 silly reify ]
695 verbose reify failed optional dependency /Users/eydhan/Projects/ReactJs/Library/Library/node_modules/@esbuild/sunos-x64
696 silly reify mark deleted [
696 silly reify   '/Users/eydhan/Projects/ReactJs/Library/Library/node_modules/@esbuild/sunos-x64'
696 silly reify ]
697 verbose reify failed optional dependency /Users/eydhan/Projects/ReactJs/Library/Library/node_modules/@esbuild/openbsd-x64
698 silly reify mark deleted [
698 silly reify   '/Users/eydhan/Projects/ReactJs/Library/Library/node_modules/@esbuild/openbsd-x64'
698 silly reify ]
699 verbose reify failed optional dependency /Users/eydhan/Projects/ReactJs/Library/Library/node_modules/@esbuild/netbsd-x64
700 silly reify mark deleted [
700 silly reify   '/Users/eydhan/Projects/ReactJs/Library/Library/node_modules/@esbuild/netbsd-x64'
700 silly reify ]
701 verbose reify failed optional dependency /Users/eydhan/Projects/ReactJs/Library/Library/node_modules/@esbuild/linux-x64
702 silly reify mark deleted [
702 silly reify   '/Users/eydhan/Projects/ReactJs/Library/Library/node_modules/@esbuild/linux-x64'
702 silly reify ]
703 verbose reify failed optional dependency /Users/eydhan/Projects/ReactJs/Library/Library/node_modules/@esbuild/linux-s390x
704 silly reify mark deleted [
704 silly reify   '/Users/eydhan/Projects/ReactJs/Library/Library/node_modules/@esbuild/linux-s390x'
704 silly reify ]
705 verbose reify failed optional dependency /Users/eydhan/Projects/ReactJs/Library/Library/node_modules/@esbuild/linux-riscv64
706 silly reify mark deleted [
706 silly reify   '/Users/eydhan/Projects/ReactJs/Library/Library/node_modules/@esbuild/linux-riscv64'
706 silly reify ]
707 verbose reify failed optional dependency /Users/eydhan/Projects/ReactJs/Library/Library/node_modules/@esbuild/linux-ppc64
708 silly reify mark deleted [
708 silly reify   '/Users/eydhan/Projects/ReactJs/Library/Library/node_modules/@esbuild/linux-ppc64'
708 silly reify ]
709 verbose reify failed optional dependency /Users/eydhan/Projects/ReactJs/Library/Library/node_modules/@esbuild/linux-mips64el
710 silly reify mark deleted [
710 silly reify   '/Users/eydhan/Projects/ReactJs/Library/Library/node_modules/@esbuild/linux-mips64el'
710 silly reify ]
711 verbose reify failed optional dependency /Users/eydhan/Projects/ReactJs/Library/Library/node_modules/@esbuild/linux-loong64
712 silly reify mark deleted [
712 silly reify   '/Users/eydhan/Projects/ReactJs/Library/Library/node_modules/@esbuild/linux-loong64'
712 silly reify ]
713 verbose reify failed optional dependency /Users/eydhan/Projects/ReactJs/Library/Library/node_modules/@esbuild/linux-ia32
714 silly reify mark deleted [
714 silly reify   '/Users/eydhan/Projects/ReactJs/Library/Library/node_modules/@esbuild/linux-ia32'
714 silly reify ]
715 verbose reify failed optional dependency /Users/eydhan/Projects/ReactJs/Library/Library/node_modules/@esbuild/linux-arm64
716 silly reify mark deleted [
716 silly reify   '/Users/eydhan/Projects/ReactJs/Library/Library/node_modules/@esbuild/linux-arm64'
716 silly reify ]
717 verbose reify failed optional dependency /Users/eydhan/Projects/ReactJs/Library/Library/node_modules/@esbuild/linux-arm
718 silly reify mark deleted [
718 silly reify   '/Users/eydhan/Projects/ReactJs/Library/Library/node_modules/@esbuild/linux-arm'
718 silly reify ]
719 verbose reify failed optional dependency /Users/eydhan/Projects/ReactJs/Library/Library/node_modules/@esbuild/freebsd-x64
720 silly reify mark deleted [
720 silly reify   '/Users/eydhan/Projects/ReactJs/Library/Library/node_modules/@esbuild/freebsd-x64'
720 silly reify ]
721 verbose reify failed optional dependency /Users/eydhan/Projects/ReactJs/Library/Library/node_modules/@esbuild/freebsd-arm64
722 silly reify mark deleted [
722 silly reify   '/Users/eydhan/Projects/ReactJs/Library/Library/node_modules/@esbuild/freebsd-arm64'
722 silly reify ]
723 verbose reify failed optional dependency /Users/eydhan/Projects/ReactJs/Library/Library/node_modules/@esbuild/darwin-x64
724 silly reify mark deleted [
724 silly reify   '/Users/eydhan/Projects/ReactJs/Library/Library/node_modules/@esbuild/darwin-x64'
724 silly reify ]
725 verbose reify failed optional dependency /Users/eydhan/Projects/ReactJs/Library/Library/node_modules/@esbuild/android-x64
726 silly reify mark deleted [
726 silly reify   '/Users/eydhan/Projects/ReactJs/Library/Library/node_modules/@esbuild/android-x64'
726 silly reify ]
727 verbose reify failed optional dependency /Users/eydhan/Projects/ReactJs/Library/Library/node_modules/@esbuild/android-arm64
728 silly reify mark deleted [
728 silly reify   '/Users/eydhan/Projects/ReactJs/Library/Library/node_modules/@esbuild/android-arm64'
728 silly reify ]
729 verbose reify failed optional dependency /Users/eydhan/Projects/ReactJs/Library/Library/node_modules/@esbuild/android-arm
730 silly reify mark deleted [
730 silly reify   '/Users/eydhan/Projects/ReactJs/Library/Library/node_modules/@esbuild/android-arm'
730 silly reify ]
731 verbose reify failed optional dependency /Users/eydhan/Projects/ReactJs/Library/Library/node_modules/@esbuild/aix-ppc64
732 silly reify mark deleted [
732 silly reify   '/Users/eydhan/Projects/ReactJs/Library/Library/node_modules/@esbuild/aix-ppc64'
732 silly reify ]
733 silly tarball no local data for @rollup/rollup-darwin-arm64@https://registry.npmjs.org/@rollup/rollup-darwin-arm64/-/rollup-darwin-arm64-4.62.2.tgz. Extracting by manifest.
734 silly tarball no local data for rollup@https://registry.npmjs.org/rollup/-/rollup-4.62.2.tgz. Extracting by manifest.
735 silly tarball no local data for @esbuild/darwin-arm64@https://registry.npmjs.org/@esbuild/darwin-arm64/-/darwin-arm64-0.21.5.tgz. Extracting by manifest.
736 silly tarball no local data for fsevents@https://registry.npmjs.org/fsevents/-/fsevents-2.3.3.tgz. Extracting by manifest.
737 silly tarball no local data for @types/estree@https://registry.npmjs.org/@types/estree/-/estree-1.0.9.tgz. Extracting by manifest.
738 silly tarball no local data for postcss@https://registry.npmjs.org/postcss/-/postcss-8.5.16.tgz. Extracting by manifest.
739 silly tarball no local data for esbuild@https://registry.npmjs.org/esbuild/-/esbuild-0.21.5.tgz. Extracting by manifest.
740 silly tarball no local data for escalade@https://registry.npmjs.org/escalade/-/escalade-3.2.0.tgz. Extracting by manifest.
741 silly tarball no local data for scheduler@https://registry.npmjs.org/scheduler/-/scheduler-0.23.2.tgz. Extracting by manifest.
742 silly tarball no local data for source-map-js@https://registry.npmjs.org/source-map-js/-/source-map-js-1.2.1.tgz. Extracting by manifest.
743 silly tarball no local data for ms@https://registry.npmjs.org/ms/-/ms-2.1.3.tgz. Extracting by manifest.
744 silly tarball no local data for loose-envify@https://registry.npmjs.org/loose-envify/-/loose-envify-1.4.0.tgz. Extracting by manifest.
745 silly tarball no local data for yallist@https://registry.npmjs.org/yallist/-/yallist-3.1.1.tgz. Extracting by manifest.
746 silly tarball no local data for node-releases@https://registry.npmjs.org/node-releases/-/node-releases-2.0.51.tgz. Extracting by manifest.
747 silly tarball no local data for caniuse-lite@https://registry.npmjs.org/caniuse-lite/-/caniuse-lite-1.0.30001803.tgz. Extracting by manifest.
748 silly tarball no local data for baseline-browser-mapping@https://registry.npmjs.org/baseline-browser-mapping/-/baseline-browser-mapping-2.10.42.tgz. Extracting by manifest.
749 silly tarball no local data for update-browserslist-db@https://registry.npmjs.org/update-browserslist-db/-/update-browserslist-db-1.2.3.tgz. Extracting by manifest.
750 silly tarball no local data for electron-to-chromium@https://registry.npmjs.org/electron-to-chromium/-/electron-to-chromium-1.5.389.tgz. Extracting by manifest.
751 silly tarball no local data for @types/babel__template@https://registry.npmjs.org/@types/babel__template/-/babel__template-7.4.4.tgz. Extracting by manifest.
752 silly tarball no local data for @types/babel__traverse@https://registry.npmjs.org/@types/babel__traverse/-/babel__traverse-7.28.0.tgz. Extracting by manifest.
753 silly tarball no local data for @types/babel__generator@https://registry.npmjs.org/@types/babel__generator/-/babel__generator-7.27.0.tgz. Extracting by manifest.
754 silly tarball no local data for @jridgewell/sourcemap-codec@https://registry.npmjs.org/@jridgewell/sourcemap-codec/-/sourcemap-codec-1.5.5.tgz. Extracting by manifest.
755 silly tarball no local data for @jridgewell/resolve-uri@https://registry.npmjs.org/@jridgewell/resolve-uri/-/resolve-uri-3.1.2.tgz. Extracting by manifest.
756 silly tarball no local data for @babel/helper-string-parser@https://registry.npmjs.org/@babel/helper-string-parser/-/helper-string-parser-7.29.7.tgz. Extracting by manifest.
757 silly tarball no local data for @babel/helper-plugin-utils@https://registry.npmjs.org/@babel/helper-plugin-utils/-/helper-plugin-utils-7.29.7.tgz. Extracting by manifest.
758 silly tarball no local data for @babel/helper-globals@https://registry.npmjs.org/@babel/helper-globals/-/helper-globals-7.29.7.tgz. Extracting by manifest.
759 silly tarball no local data for @babel/helper-validator-option@https://registry.npmjs.org/@babel/helper-validator-option/-/helper-validator-option-7.29.7.tgz. Extracting by manifest.
760 silly tarball no local data for @babel/helper-module-imports@https://registry.npmjs.org/@babel/helper-module-imports/-/helper-module-imports-7.29.7.tgz. Extracting by manifest.
761 silly tarball no local data for browserslist@https://registry.npmjs.org/browserslist/-/browserslist-4.28.5.tgz. Extracting by manifest.
762 silly tarball no local data for jsesc@https://registry.npmjs.org/jsesc/-/jsesc-3.1.0.tgz. Extracting by manifest.
763 silly tarball no local data for @babel/compat-data@https://registry.npmjs.org/@babel/compat-data/-/compat-data-7.29.7.tgz. Extracting by manifest.
764 silly tarball no local data for picocolors@https://registry.npmjs.org/picocolors/-/picocolors-1.1.1.tgz. Extracting by manifest.
765 silly tarball no local data for @jridgewell/trace-mapping@https://registry.npmjs.org/@jridgewell/trace-mapping/-/trace-mapping-0.3.31.tgz. Extracting by manifest.
766 silly tarball no local data for @babel/helper-validator-identifier@https://registry.npmjs.org/@babel/helper-validator-identifier/-/helper-validator-identifier-7.29.7.tgz. Extracting by manifest.
767 silly tarball no local data for json5@https://registry.npmjs.org/json5/-/json5-2.2.3.tgz. Extracting by manifest.
768 silly tarball no local data for @jridgewell/gen-mapping@https://registry.npmjs.org/@jridgewell/gen-mapping/-/gen-mapping-0.3.13.tgz. Extracting by manifest.
769 silly tarball no local data for semver@https://registry.npmjs.org/semver/-/semver-6.3.1.tgz. Extracting by manifest.
770 silly tarball no local data for gensync@https://registry.npmjs.org/gensync/-/gensync-1.0.0-beta.2.tgz. Extracting by manifest.
771 silly tarball no local data for debug@https://registry.npmjs.org/debug/-/debug-4.4.3.tgz. Extracting by manifest.
772 silly tarball no local data for @jridgewell/remapping@https://registry.npmjs.org/@jridgewell/remapping/-/remapping-2.3.5.tgz. Extracting by manifest.
773 silly tarball no local data for js-tokens@https://registry.npmjs.org/js-tokens/-/js-tokens-4.0.0.tgz. Extracting by manifest.
774 silly tarball no local data for lru-cache@https://registry.npmjs.org/lru-cache/-/lru-cache-5.1.1.tgz. Extracting by manifest.
775 silly tarball no local data for @babel/traverse@https://registry.npmjs.org/@babel/traverse/-/traverse-7.29.7.tgz. Extracting by manifest.
776 silly tarball no local data for @babel/parser@https://registry.npmjs.org/@babel/parser/-/parser-7.29.7.tgz. Extracting by manifest.
777 silly tarball no local data for convert-source-map@https://registry.npmjs.org/convert-source-map/-/convert-source-map-2.0.0.tgz. Extracting by manifest.
778 silly tarball no local data for @babel/types@https://registry.npmjs.org/@babel/types/-/types-7.29.7.tgz. Extracting by manifest.
779 silly tarball no local data for @babel/helper-compilation-targets@https://registry.npmjs.org/@babel/helper-compilation-targets/-/helper-compilation-targets-7.29.7.tgz. Extracting by manifest.
780 silly tarball no local data for @babel/helpers@https://registry.npmjs.org/@babel/helpers/-/helpers-7.29.7.tgz. Extracting by manifest.
781 silly tarball no local data for @babel/helper-module-transforms@https://registry.npmjs.org/@babel/helper-module-transforms/-/helper-module-transforms-7.29.7.tgz. Extracting by manifest.
782 silly tarball no local data for @babel/template@https://registry.npmjs.org/@babel/template/-/template-7.29.7.tgz. Extracting by manifest.
783 silly tarball no local data for @babel/generator@https://registry.npmjs.org/@babel/generator/-/generator-7.29.7.tgz. Extracting by manifest.
784 silly tarball no local data for @types/babel__core@https://registry.npmjs.org/@types/babel__core/-/babel__core-7.20.5.tgz. Extracting by manifest.
785 silly tarball no local data for @babel/code-frame@https://registry.npmjs.org/@babel/code-frame/-/code-frame-7.29.7.tgz. Extracting by manifest.
786 silly tarball no local data for @babel/plugin-transform-react-jsx-self@https://registry.npmjs.org/@babel/plugin-transform-react-jsx-self/-/plugin-transform-react-jsx-self-7.29.7.tgz. Extracting by manifest.
787 silly tarball no local data for react-refresh@https://registry.npmjs.org/react-refresh/-/react-refresh-0.17.0.tgz. Extracting by manifest.
788 silly tarball no local data for nanoid@https://registry.npmjs.org/nanoid/-/nanoid-3.3.15.tgz. Extracting by manifest.
789 silly tarball no local data for @rolldown/pluginutils@https://registry.npmjs.org/@rolldown/pluginutils/-/pluginutils-1.0.0-beta.27.tgz. Extracting by manifest.
790 silly tarball no local data for react@https://registry.npmjs.org/react/-/react-18.3.1.tgz. Extracting by manifest.
791 silly tarball no local data for @babel/core@https://registry.npmjs.org/@babel/core/-/core-7.29.7.tgz. Extracting by manifest.
792 silly tarball no local data for @babel/plugin-transform-react-jsx-source@https://registry.npmjs.org/@babel/plugin-transform-react-jsx-source/-/plugin-transform-react-jsx-source-7.29.7.tgz. Extracting by manifest.
793 silly tarball no local data for react-dom@https://registry.npmjs.org/react-dom/-/react-dom-18.3.1.tgz. Extracting by manifest.
794 silly tarball no local data for vite@https://registry.npmjs.org/vite/-/vite-5.4.21.tgz. Extracting by manifest.
795 silly tarball no local data for @vitejs/plugin-react@https://registry.npmjs.org/@vitejs/plugin-react/-/plugin-react-4.7.0.tgz. Extracting by manifest.
796 http fetch GET 200 https://registry.npmjs.org/esbuild/-/esbuild-0.21.5.tgz 332ms (cache miss)
797 http fetch GET 200 https://registry.npmjs.org/fsevents/-/fsevents-2.3.3.tgz 535ms (cache miss)
798 http fetch GET 200 https://registry.npmjs.org/@types/estree/-/estree-1.0.9.tgz 543ms (cache miss)
799 http fetch GET 200 https://registry.npmjs.org/node-releases/-/node-releases-2.0.51.tgz 800ms (cache miss)
800 http fetch GET 200 https://registry.npmjs.org/postcss/-/postcss-8.5.16.tgz 851ms (cache miss)
801 http fetch GET 200 https://registry.npmjs.org/escalade/-/escalade-3.2.0.tgz 975ms (cache miss)
802 http fetch GET 200 https://registry.npmjs.org/@types/babel__traverse/-/babel__traverse-7.28.0.tgz 1035ms (cache miss)
803 http fetch GET 200 https://registry.npmjs.org/electron-to-chromium/-/electron-to-chromium-1.5.389.tgz 1053ms (cache miss)
804 http fetch GET 200 https://registry.npmjs.org/@types/babel__generator/-/babel__generator-7.27.0.tgz 1098ms (cache miss)
805 http fetch GET 200 https://registry.npmjs.org/@types/babel__template/-/babel__template-7.4.4.tgz 1100ms (cache miss)
806 http fetch GET 200 https://registry.npmjs.org/baseline-browser-mapping/-/baseline-browser-mapping-2.10.42.tgz 1232ms (cache miss)
807 http fetch GET 200 https://registry.npmjs.org/yallist/-/yallist-3.1.1.tgz 1262ms (cache miss)
808 http fetch GET 200 https://registry.npmjs.org/@babel/helper-plugin-utils/-/helper-plugin-utils-7.29.7.tgz 1338ms (cache miss)
809 http fetch GET 200 https://registry.npmjs.org/@babel/helper-string-parser/-/helper-string-parser-7.29.7.tgz 1490ms (cache miss)
810 http fetch GET 200 https://registry.npmjs.org/@babel/helper-validator-option/-/helper-validator-option-7.29.7.tgz 1492ms (cache miss)
811 http fetch GET 200 https://registry.npmjs.org/@jridgewell/sourcemap-codec/-/sourcemap-codec-1.5.5.tgz 1494ms (cache miss)
812 http fetch GET 200 https://registry.npmjs.org/jsesc/-/jsesc-3.1.0.tgz 1593ms (cache miss)
813 http fetch GET 200 https://registry.npmjs.org/@jridgewell/resolve-uri/-/resolve-uri-3.1.2.tgz 1632ms (cache miss)
814 http fetch GET 200 https://registry.npmjs.org/update-browserslist-db/-/update-browserslist-db-1.2.3.tgz 1646ms (cache miss)
815 http fetch GET 200 https://registry.npmjs.org/loose-envify/-/loose-envify-1.4.0.tgz 1657ms (cache miss)
816 http fetch GET 200 https://registry.npmjs.org/picocolors/-/picocolors-1.1.1.tgz 1700ms (cache miss)
817 http fetch GET 200 https://registry.npmjs.org/source-map-js/-/source-map-js-1.2.1.tgz 2022ms (cache miss)
818 http fetch GET 200 https://registry.npmjs.org/ms/-/ms-2.1.3.tgz 2022ms (cache miss)
819 http fetch GET 200 https://registry.npmjs.org/json5/-/json5-2.2.3.tgz 2037ms (cache miss)
820 http fetch GET 200 https://registry.npmjs.org/@jridgewell/gen-mapping/-/gen-mapping-0.3.13.tgz 2041ms (cache miss)
821 http fetch GET 200 https://registry.npmjs.org/@babel/compat-data/-/compat-data-7.29.7.tgz 2050ms (cache miss)
822 http fetch GET 200 https://registry.npmjs.org/scheduler/-/scheduler-0.23.2.tgz 2057ms (cache miss)
823 http fetch GET 200 https://registry.npmjs.org/gensync/-/gensync-1.0.0-beta.2.tgz 2069ms (cache miss)
824 http fetch GET 200 https://registry.npmjs.org/semver/-/semver-6.3.1.tgz 2077ms (cache miss)
825 http fetch GET 200 https://registry.npmjs.org/@babel/helper-validator-identifier/-/helper-validator-identifier-7.29.7.tgz 2079ms (cache miss)
826 http fetch GET 200 https://registry.npmjs.org/debug/-/debug-4.4.3.tgz 2105ms (cache miss)
827 http fetch GET 200 https://registry.npmjs.org/browserslist/-/browserslist-4.28.5.tgz 2114ms (cache miss)
828 http fetch GET 200 https://registry.npmjs.org/@jridgewell/trace-mapping/-/trace-mapping-0.3.31.tgz 2139ms (cache miss)
829 http fetch GET 200 https://registry.npmjs.org/@jridgewell/remapping/-/remapping-2.3.5.tgz 2137ms (cache miss)
830 http fetch GET 200 https://registry.npmjs.org/lru-cache/-/lru-cache-5.1.1.tgz 2145ms (cache miss)
831 http fetch GET 200 https://registry.npmjs.org/convert-source-map/-/convert-source-map-2.0.0.tgz 2358ms (cache miss)
832 http fetch GET 200 https://registry.npmjs.org/js-tokens/-/js-tokens-4.0.0.tgz 2531ms (cache miss)
833 http fetch GET 200 https://registry.npmjs.org/@babel/helper-globals/-/helper-globals-7.29.7.tgz 2555ms (cache miss)
834 http fetch GET 200 https://registry.npmjs.org/@babel/helper-module-imports/-/helper-module-imports-7.29.7.tgz 2738ms (cache miss)
835 http fetch GET 200 https://registry.npmjs.org/@babel/helper-compilation-targets/-/helper-compilation-targets-7.29.7.tgz 2749ms (cache miss)
836 http fetch GET 200 https://registry.npmjs.org/caniuse-lite/-/caniuse-lite-1.0.30001803.tgz 3074ms (cache miss)
837 http fetch GET 200 https://registry.npmjs.org/@babel/template/-/template-7.29.7.tgz 3227ms (cache miss)
838 http fetch GET 200 https://registry.npmjs.org/nanoid/-/nanoid-3.3.15.tgz 3239ms (cache miss)
839 http fetch GET 200 https://registry.npmjs.org/@babel/code-frame/-/code-frame-7.29.7.tgz 3306ms (cache miss)
840 http fetch GET 200 https://registry.npmjs.org/react-refresh/-/react-refresh-0.17.0.tgz 3306ms (cache miss)
841 http fetch GET 200 https://registry.npmjs.org/@rolldown/pluginutils/-/pluginutils-1.0.0-beta.27.tgz 3309ms (cache miss)
842 http fetch GET 200 https://registry.npmjs.org/@babel/plugin-transform-react-jsx-source/-/plugin-transform-react-jsx-source-7.29.7.tgz 3372ms (cache miss)
843 http fetch GET 200 https://registry.npmjs.org/@babel/helper-module-transforms/-/helper-module-transforms-7.29.7.tgz 3378ms (cache miss)
844 http fetch GET 200 https://registry.npmjs.org/@types/babel__core/-/babel__core-7.20.5.tgz 3672ms (cache miss)
845 http fetch GET 200 https://registry.npmjs.org/react/-/react-18.3.1.tgz 3668ms (cache miss)
846 http fetch GET 200 https://registry.npmjs.org/@vitejs/plugin-react/-/plugin-react-4.7.0.tgz 3828ms (cache miss)
847 http fetch GET 200 https://registry.npmjs.org/@babel/plugin-transform-react-jsx-self/-/plugin-transform-react-jsx-self-7.29.7.tgz 4786ms (cache miss)
848 http fetch GET 200 https://registry.npmjs.org/@babel/traverse/-/traverse-7.29.7.tgz 5317ms (cache miss)
849 http fetch GET 200 https://registry.npmjs.org/@babel/core/-/core-7.29.7.tgz 5507ms (cache miss)
850 http fetch GET 200 https://registry.npmjs.org/rollup/-/rollup-4.62.2.tgz 5946ms (cache miss)
851 http fetch GET 200 https://registry.npmjs.org/@babel/parser/-/parser-7.29.7.tgz 6412ms (cache miss)
852 http fetch GET 200 https://registry.npmjs.org/@babel/generator/-/generator-7.29.7.tgz 7060ms (cache miss)
853 http fetch GET 200 https://registry.npmjs.org/@babel/types/-/types-7.29.7.tgz 7072ms (cache miss)
854 http fetch GET 200 https://registry.npmjs.org/@babel/helpers/-/helpers-7.29.7.tgz 7795ms (cache miss)
855 http fetch GET 200 https://registry.npmjs.org/vite/-/vite-5.4.21.tgz 8171ms (cache miss)
856 http fetch GET 200 https://registry.npmjs.org/@rollup/rollup-darwin-arm64/-/rollup-darwin-arm64-4.62.2.tgz 8654ms (cache miss)
857 http fetch GET 200 https://registry.npmjs.org/react-dom/-/react-dom-18.3.1.tgz 10384ms (cache miss)
858 http fetch GET 200 https://registry.npmjs.org/@esbuild/darwin-arm64/-/darwin-arm64-0.21.5.tgz 19393ms (cache miss)
859 info run fsevents@2.3.3 install node_modules/fsevents node-gyp rebuild
860 info run fsevents@2.3.3 install { code: 1, signal: null }
861 verbose reify failed optional dependency /Users/eydhan/Projects/ReactJs/Library/Library/node_modules/fsevents
862 silly reify mark deleted [
862 silly reify   '/Users/eydhan/Projects/ReactJs/Library/Library/node_modules/fsevents'
862 silly reify ]
863 info run esbuild@0.21.5 postinstall node_modules/esbuild node install.js
864 info run esbuild@0.21.5 postinstall { code: 0, signal: null }
865 silly ADD node_modules/@types/estree
866 silly ADD
867 silly ADD
868 silly ADD
869 silly ADD
870 silly ADD
871 silly ADD
872 silly ADD
873 silly ADD
874 silly ADD
875 silly ADD
876 silly ADD
877 silly ADD
878 silly ADD
879 silly ADD
880 silly ADD
881 silly ADD
882 silly ADD
883 silly ADD
884 silly ADD
885 silly ADD
886 silly ADD
887 silly ADD
888 silly ADD node_modules/@rollup/rollup-darwin-arm64
889 silly ADD
890 silly ADD
891 silly ADD node_modules/source-map-js
892 silly ADD node_modules/nanoid
893 silly ADD
894 silly ADD
895 silly ADD
896 silly ADD
897 silly ADD
898 silly ADD
899 silly ADD
900 silly ADD
901 silly ADD
902 silly ADD
903 silly ADD
904 silly ADD
905 silly ADD
906 silly ADD
907 silly ADD
908 silly ADD
909 silly ADD
910 silly ADD
911 silly ADD node_modules/@esbuild/darwin-arm64
912 silly ADD
913 silly ADD
914 silly ADD
915 silly ADD
916 silly ADD node_modules/rollup
917 silly ADD node_modules/postcss
918 silly ADD
919 silly ADD node_modules/esbuild
920 silly ADD node_modules/escalade
921 silly ADD node_modules/scheduler
922 silly ADD node_modules/loose-envify
923 silly ADD node_modules/yallist
924 silly ADD node_modules/ms
925 silly ADD node_modules/update-browserslist-db
926 silly ADD node_modules/node-releases
927 silly ADD node_modules/electron-to-chromium
928 silly ADD node_modules/caniuse-lite
929 silly ADD node_modules/baseline-browser-mapping
930 silly ADD node_modules/@types/babel__traverse
931 silly ADD node_modules/@types/babel__template
932 silly ADD node_modules/@types/babel__generator
933 silly ADD node_modules/@jridgewell/resolve-uri
934 silly ADD node_modules/@jridgewell/sourcemap-codec
935 silly ADD node_modules/@babel/helper-string-parser
936 silly ADD node_modules/@babel/helper-globals
937 silly ADD node_modules/@babel/helper-plugin-utils
938 silly ADD node_modules/@babel/helper-module-imports
939 silly ADD node_modules/lru-cache
940 silly ADD node_modules/browserslist
941 silly ADD node_modules/@babel/helper-validator-option
942 silly ADD node_modules/@babel/compat-data
943 silly ADD node_modules/jsesc
944 silly ADD node_modules/@jridgewell/trace-mapping
945 silly ADD node_modules/@jridgewell/gen-mapping
946 silly ADD node_modules/picocolors
947 silly ADD node_modules/js-tokens
948 silly ADD node_modules/@babel/helper-validator-identifier
949 silly ADD node_modules/semver
950 silly ADD node_modules/json5
951 silly ADD node_modules/gensync
952 silly ADD node_modules/debug
953 silly ADD node_modules/convert-source-map
954 silly ADD node_modules/@jridgewell/remapping
955 silly ADD node_modules/@babel/types
956 silly ADD node_modules/@babel/traverse
957 silly ADD node_modules/@babel/template
958 silly ADD node_modules/@babel/parser
959 silly ADD node_modules/@babel/helpers
960 silly ADD node_modules/@babel/helper-module-transforms
961 silly ADD node_modules/@babel/helper-compilation-targets
962 silly ADD node_modules/@babel/generator
963 silly ADD node_modules/@babel/code-frame
964 silly ADD node_modules/react-refresh
965 silly ADD node_modules/@types/babel__core
966 silly ADD node_modules/@rolldown/pluginutils
967 silly ADD node_modules/@babel/plugin-transform-react-jsx-source
968 silly ADD node_modules/@babel/plugin-transform-react-jsx-self
969 silly ADD node_modules/@babel/core
970 silly ADD node_modules/react-dom
971 silly ADD node_modules/react
972 silly ADD node_modules/vite
973 silly ADD node_modules/@vitejs/plugin-react
974 verbose cwd /Users/eydhan/Projects/ReactJs/Library/Library
975 verbose os Darwin 25.4.0
976 verbose node v20.18.3
977 verbose npm  v10.8.2
978 notice
978 notice New [31mmajor[39m version of npm available! [31m10.8.2[39m -> [34m12.0.0[39m
978 notice Changelog: [34mhttps://github.com/npm/cli/releases/tag/v12.0.0[39m
978 notice To update run: [4mnpm install -g npm@12.0.0[24m
978 notice  { force: true, [Symbol(proc-log.meta)]: true }
979 verbose exit 0
980 info ok
